-- The C compiler identification is GNU 11.4.0
-- The CXX compiler identification is GNU 11.4.0
-- Detecting C compiler ABI info
-- Detecting C compiler ABI info - done
-- Check for working C compiler: /usr/bin/cc - skipped
-- Detecting C compile features
-- Detecting C compile features - done
-- Detecting CXX compiler ABI info
-- Detecting CXX compiler ABI info - done
-- Check for working CXX compiler: /usr/bin/c++ - skipped
-- Detecting CXX compile features
-- Detecting CXX compile features - done
-- Found ament_cmake: 1.3.5 (/opt/ros/humble/share/ament_cmake/cmake)
-- Found Python3: /media/mikelap/DATA/Development/python/virtualenvs/robotics/bin/python3.10 (found version "3.10.12") found components: Interpreter 
-- Found rclpy: 3.3.10 (/opt/ros/humble/share/rclpy/cmake)
-- Found rclcpp: 16.0.6 (/opt/ros/humble/share/rclcpp/cmake)
-- Found rosidl_generator_c: 3.1.5 (/opt/ros/humble/share/rosidl_generator_c/cmake)
-- Found rosidl_adapter: 3.1.5 (/opt/ros/humble/share/rosidl_adapter/cmake)
-- Found rosidl_generator_cpp: 3.1.5 (/opt/ros/humble/share/rosidl_generator_cpp/cmake)
-- Using all available rosidl_typesupport_c: rosidl_typesupport_fastrtps_c;rosidl_typesupport_introspection_c
-- Using all available rosidl_typesupport_cpp: rosidl_typesupport_fastrtps_cpp;rosidl_typesupport_introspection_cpp
-- Found rmw_implementation_cmake: 6.1.1 (/opt/ros/humble/share/rmw_implementation_cmake/cmake)
-- Found rmw_fastrtps_cpp: 6.2.4 (/opt/ros/humble/share/rmw_fastrtps_cpp/cmake)
-- Found OpenSSL: /usr/lib/x86_64-linux-gnu/libcrypto.so (found version "3.0.2")  
-- Found FastRTPS: /opt/ros/humble/include  
-- Using RMW implementation 'rmw_fastrtps_cpp' as default
-- Looking for pthread.h
-- Looking for pthread.h - found
-- Performing Test CMAKE_HAVE_LIBC_PTHREAD
-- Performing Test CMAKE_HAVE_LIBC_PTHREAD - Success
-- Found Threads: TRUE  
-- Found xacro: 2.0.8 (/opt/ros/humble/share/xacro/cmake)
-- Found urdf: 2.6.0 (/opt/ros/humble/share/urdf/cmake)
-- Found mobile_base_description: 0.0.0 (/media/mikelap/DATA/GitRepos/robotics/robot_ws/src/mobile_manipulator_ws/install/mobile_base_description/share/mobile_base_description/cmake)
-- Configuring done
-- Generating done
-- Build files have been written to: /media/mikelap/DATA/GitRepos/robotics/robot_ws/src/mobile_manipulator_ws/build/mobile_base_bringup
[ 50%] [32mBuilding CXX object CMakeFiles/cpp_exe.dir/src/cpp_node.cpp.o[0m
[ 50%] Built target ament_cmake_python_copy_mobile_base_bringup
running egg_info
creating mobile_base_bringup.egg-info
writing mobile_base_bringup.egg-info/PKG-INFO
writing dependency_links to mobile_base_bringup.egg-info/dependency_links.txt
writing top-level names to mobile_base_bringup.egg-info/top_level.txt
writing manifest file 'mobile_base_bringup.egg-info/SOURCES.txt'
reading manifest file 'mobile_base_bringup.egg-info/SOURCES.txt'
writing manifest file 'mobile_base_bringup.egg-info/SOURCES.txt'
[ 50%] Built target ament_cmake_python_build_mobile_base_bringup_egg
[100%] [32m[1mLinking CXX executable cpp_exe[0m
[100%] Built target cpp_exe
-- Install configuration: ""
-- Installing: /media/mikelap/DATA/GitRepos/robotics/robot_ws/src/mobile_manipulator_ws/install/mobile_base_bringup/lib/mobile_base_bringup/cpp_exe
-- Set runtime path of "/media/mikelap/DATA/GitRepos/robotics/robot_ws/src/mobile_manipulator_ws/install/mobile_base_bringup/lib/mobile_base_bringup/cpp_exe" to ""
-- Installing: /media/mikelap/DATA/GitRepos/robotics/robot_ws/src/mobile_manipulator_ws/install/mobile_base_bringup/share/mobile_base_bringup/environment/pythonpath.sh
-- Installing: /media/mikelap/DATA/GitRepos/robotics/robot_ws/src/mobile_manipulator_ws/install/mobile_base_bringup/share/mobile_base_bringup/environment/pythonpath.dsv
-- Installing: /media/mikelap/DATA/GitRepos/robotics/robot_ws/src/mobile_manipulator_ws/install/mobile_base_bringup/lib/python3.10/site-packages/mobile_base_bringup-0.0.0-py3.10.egg-info
-- Installing: /media/mikelap/DATA/GitRepos/robotics/robot_ws/src/mobile_manipulator_ws/install/mobile_base_bringup/lib/python3.10/site-packages/mobile_base_bringup-0.0.0-py3.10.egg-info/top_level.txt
-- Installing: /media/mikelap/DATA/GitRepos/robotics/robot_ws/src/mobile_manipulator_ws/install/mobile_base_bringup/lib/python3.10/site-packages/mobile_base_bringup-0.0.0-py3.10.egg-info/SOURCES.txt
-- Installing: /media/mikelap/DATA/GitRepos/robotics/robot_ws/src/mobile_manipulator_ws/install/mobile_base_bringup/lib/python3.10/site-packages/mobile_base_bringup-0.0.0-py3.10.egg-info/PKG-INFO
-- Installing: /media/mikelap/DATA/GitRepos/robotics/robot_ws/src/mobile_manipulator_ws/install/mobile_base_bringup/lib/python3.10/site-packages/mobile_base_bringup-0.0.0-py3.10.egg-info/dependency_links.txt
-- Installing: /media/mikelap/DATA/GitRepos/robotics/robot_ws/src/mobile_manipulator_ws/install/mobile_base_bringup/lib/python3.10/site-packages/mobile_base_bringup
-- Installing: /media/mikelap/DATA/GitRepos/robotics/robot_ws/src/mobile_manipulator_ws/install/mobile_base_bringup/lib/python3.10/site-packages/mobile_base_bringup/__init__.py
-- Installing: /media/mikelap/DATA/GitRepos/robotics/robot_ws/src/mobile_manipulator_ws/install/mobile_base_bringup/lib/python3.10/site-packages/mobile_base_bringup/module_to_import.py
Listing '/media/mikelap/DATA/GitRepos/robotics/robot_ws/src/mobile_manipulator_ws/install/mobile_base_bringup/lib/python3.10/site-packages/mobile_base_bringup'...
Compiling '/media/mikelap/DATA/GitRepos/robotics/robot_ws/src/mobile_manipulator_ws/install/mobile_base_bringup/lib/python3.10/site-packages/mobile_base_bringup/__init__.py'...
Compiling '/media/mikelap/DATA/GitRepos/robotics/robot_ws/src/mobile_manipulator_ws/install/mobile_base_bringup/lib/python3.10/site-packages/mobile_base_bringup/module_to_import.py'...
-- Installing: /media/mikelap/DATA/GitRepos/robotics/robot_ws/src/mobile_manipulator_ws/install/mobile_base_bringup/lib/mobile_base_bringup/py_node.py
-- Installing: /media/mikelap/DATA/GitRepos/robotics/robot_ws/src/mobile_manipulator_ws/install/mobile_base_bringup/share/mobile_base_bringup//config
-- Installing: /media/mikelap/DATA/GitRepos/robotics/robot_ws/src/mobile_manipulator_ws/install/mobile_base_bringup/share/mobile_base_bringup//config/2whl_driven_control.yaml
-- Installing: /media/mikelap/DATA/GitRepos/robotics/robot_ws/src/mobile_manipulator_ws/install/mobile_base_bringup/share/mobile_base_bringup//config/4whl_driven_control.yaml
-- Installing: /media/mikelap/DATA/GitRepos/robotics/robot_ws/src/mobile_manipulator_ws/install/mobile_base_bringup/share/mobile_base_bringup//config/control.yaml
-- Installing: /media/mikelap/DATA/GitRepos/robotics/robot_ws/src/mobile_manipulator_ws/install/mobile_base_bringup/share/mobile_base_bringup//launch
-- Installing: /media/mikelap/DATA/GitRepos/robotics/robot_ws/src/mobile_manipulator_ws/install/mobile_base_bringup/share/mobile_base_bringup//launch/publish_robot_description.launch.py
-- Installing: /media/mikelap/DATA/GitRepos/robotics/robot_ws/src/mobile_manipulator_ws/install/mobile_base_bringup/share/mobile_base_bringup//launch/rviz.launch.py
-- Installing: /media/mikelap/DATA/GitRepos/robotics/robot_ws/src/mobile_manipulator_ws/install/mobile_base_bringup/share/ament_index/resource_index/package_run_dependencies/mobile_base_bringup
-- Installing: /media/mikelap/DATA/GitRepos/robotics/robot_ws/src/mobile_manipulator_ws/install/mobile_base_bringup/share/ament_index/resource_index/parent_prefix_path/mobile_base_bringup
-- Installing: /media/mikelap/DATA/GitRepos/robotics/robot_ws/src/mobile_manipulator_ws/install/mobile_base_bringup/share/mobile_base_bringup/environment/ament_prefix_path.sh
-- Installing: /media/mikelap/DATA/GitRepos/robotics/robot_ws/src/mobile_manipulator_ws/install/mobile_base_bringup/share/mobile_base_bringup/environment/ament_prefix_path.dsv
-- Installing: /media/mikelap/DATA/GitRepos/robotics/robot_ws/src/mobile_manipulator_ws/install/mobile_base_bringup/share/mobile_base_bringup/environment/path.sh
-- Installing: /media/mikelap/DATA/GitRepos/robotics/robot_ws/src/mobile_manipulator_ws/install/mobile_base_bringup/share/mobile_base_bringup/environment/path.dsv
-- Installing: /media/mikelap/DATA/GitRepos/robotics/robot_ws/src/mobile_manipulator_ws/install/mobile_base_bringup/share/mobile_base_bringup/local_setup.bash
-- Installing: /media/mikelap/DATA/GitRepos/robotics/robot_ws/src/mobile_manipulator_ws/install/mobile_base_bringup/share/mobile_base_bringup/local_setup.sh
-- Installing: /media/mikelap/DATA/GitRepos/robotics/robot_ws/src/mobile_manipulator_ws/install/mobile_base_bringup/share/mobile_base_bringup/local_setup.zsh
-- Installing: /media/mikelap/DATA/GitRepos/robotics/robot_ws/src/mobile_manipulator_ws/install/mobile_base_bringup/share/mobile_base_bringup/local_setup.dsv
-- Installing: /media/mikelap/DATA/GitRepos/robotics/robot_ws/src/mobile_manipulator_ws/install/mobile_base_bringup/share/mobile_base_bringup/package.dsv
-- Installing: /media/mikelap/DATA/GitRepos/robotics/robot_ws/src/mobile_manipulator_ws/install/mobile_base_bringup/share/ament_index/resource_index/packages/mobile_base_bringup
-- Installing: /media/mikelap/DATA/GitRepos/robotics/robot_ws/src/mobile_manipulator_ws/install/mobile_base_bringup/share/mobile_base_bringup/cmake/mobile_base_bringupConfig.cmake
-- Installing: /media/mikelap/DATA/GitRepos/robotics/robot_ws/src/mobile_manipulator_ws/install/mobile_base_bringup/share/mobile_base_bringup/cmake/mobile_base_bringupConfig-version.cmake
-- Installing: /media/mikelap/DATA/GitRepos/robotics/robot_ws/src/mobile_manipulator_ws/install/mobile_base_bringup/share/mobile_base_bringup/package.xml
