[0.174s] Invoking command in '/media/mikelap/DATA/GitRepos/robotics/robot_ws/src/mobile_manipulator_ws/build/mobile_base_bringup': CMAKE_PREFIX_PATH=/media/mikelap/DATA/GitRepos/robotics/robot_ws/src/mobile_manipulator_ws/install/mobile_base_description:/media/mikelap/DATA/GitRepos/robotics/robot_ws/src/mobile_manipulator_ws/install/mobile_base_gazebo:/media/mikelap/DATA/GitRepos/robotics/robot_ws/src/mobile_manipulator_ws/install/mobile_base_bringup:/media/mikelap/DATA/GitRepos/robotics/robot_ws/install/mobile_base_gazebo:/media/mikelap/DATA/GitRepos/robotics/robot_ws/install/mobile_base_bringup:/media/mikelap/DATA/GitRepos/robotics/robot_ws/install/mobile_base_description:/opt/ros/humble PS1=(robotics) \[\033]0;\u:${NEW_PWD}\007\]\n\[\033[0;1;97;44m\] \u \[\033[0;34;104m\]\[\033[0;1;97;104m\] \h \[\033[0;94;107m\]\[\033[0;90;1;107m\] ${NEW_PWD} \[\033[0;97;49m\]\[\033[1;38;5;74m\] VIRTUAL_ENV_PROMPT=(robotics) /usr/bin/cmake /media/mikelap/DATA/GitRepos/robotics/robot_ws/src/mobile_manipulator_ws/src/mobile_base/mobile_base_bringup -DCMAKE_INSTALL_PREFIX=/media/mikelap/DATA/GitRepos/robotics/robot_ws/src/mobile_manipulator_ws/install/mobile_base_bringup
[0.228s] -- The C compiler identification is GNU 11.4.0
[0.285s] -- The CXX compiler identification is GNU 11.4.0
[0.293s] -- Detecting C compiler ABI info
[0.364s] -- Detecting C compiler ABI info - done
[0.379s] -- Check for working C compiler: /usr/bin/cc - skipped
[0.380s] -- Detecting C compile features
[0.381s] -- Detecting C compile features - done
[0.386s] -- Detecting CXX compiler ABI info
[0.470s] -- Detecting CXX compiler ABI info - done
[0.478s] -- Check for working CXX compiler: /usr/bin/c++ - skipped
[0.478s] -- Detecting CXX compile features
[0.479s] -- Detecting CXX compile features - done
[0.481s] -- Found ament_cmake: 1.3.5 (/opt/ros/humble/share/ament_cmake/cmake)
[0.628s] -- Found Python3: /media/mikelap/DATA/Development/python/virtualenvs/robotics/bin/python3.10 (found version "3.10.12") found components: Interpreter 
[0.721s] -- Found rclpy: 3.3.10 (/opt/ros/humble/share/rclpy/cmake)
[0.722s] -- Found rclcpp: 16.0.6 (/opt/ros/humble/share/rclcpp/cmake)
[0.770s] -- Found rosidl_generator_c: 3.1.5 (/opt/ros/humble/share/rosidl_generator_c/cmake)
[0.775s] -- Found rosidl_adapter: 3.1.5 (/opt/ros/humble/share/rosidl_adapter/cmake)
[0.784s] -- Found rosidl_generator_cpp: 3.1.5 (/opt/ros/humble/share/rosidl_generator_cpp/cmake)
[0.799s] -- Using all available rosidl_typesupport_c: rosidl_typesupport_fastrtps_c;rosidl_typesupport_introspection_c
[0.821s] -- Using all available rosidl_typesupport_cpp: rosidl_typesupport_fastrtps_cpp;rosidl_typesupport_introspection_cpp
[0.904s] -- Found rmw_implementation_cmake: 6.1.1 (/opt/ros/humble/share/rmw_implementation_cmake/cmake)
[0.906s] -- Found rmw_fastrtps_cpp: 6.2.4 (/opt/ros/humble/share/rmw_fastrtps_cpp/cmake)
[1.024s] -- Found OpenSSL: /usr/lib/x86_64-linux-gnu/libcrypto.so (found version "3.0.2")  
[1.055s] -- Found FastRTPS: /opt/ros/humble/include  
[1.109s] -- Using RMW implementation 'rmw_fastrtps_cpp' as default
[1.121s] -- Looking for pthread.h
[1.195s] -- Looking for pthread.h - found
[1.196s] -- Performing Test CMAKE_HAVE_LIBC_PTHREAD
[1.270s] -- Performing Test CMAKE_HAVE_LIBC_PTHREAD - Success
[1.271s] -- Found Threads: TRUE  
[1.448s] -- Found xacro: 2.0.8 (/opt/ros/humble/share/xacro/cmake)
[1.449s] -- Found urdf: 2.6.0 (/opt/ros/humble/share/urdf/cmake)
[1.489s] -- Found mobile_base_description: 0.0.0 (/media/mikelap/DATA/GitRepos/robotics/robot_ws/src/mobile_manipulator_ws/install/mobile_base_description/share/mobile_base_description/cmake)
[1.665s] -- Configuring done
[1.675s] -- Generating done
[1.677s] -- Build files have been written to: /media/mikelap/DATA/GitRepos/robotics/robot_ws/src/mobile_manipulator_ws/build/mobile_base_bringup
[1.688s] Invoked command in '/media/mikelap/DATA/GitRepos/robotics/robot_ws/src/mobile_manipulator_ws/build/mobile_base_bringup' returned '0': CMAKE_PREFIX_PATH=/media/mikelap/DATA/GitRepos/robotics/robot_ws/src/mobile_manipulator_ws/install/mobile_base_description:/media/mikelap/DATA/GitRepos/robotics/robot_ws/src/mobile_manipulator_ws/install/mobile_base_gazebo:/media/mikelap/DATA/GitRepos/robotics/robot_ws/src/mobile_manipulator_ws/install/mobile_base_bringup:/media/mikelap/DATA/GitRepos/robotics/robot_ws/install/mobile_base_gazebo:/media/mikelap/DATA/GitRepos/robotics/robot_ws/install/mobile_base_bringup:/media/mikelap/DATA/GitRepos/robotics/robot_ws/install/mobile_base_description:/opt/ros/humble PS1=(robotics) \[\033]0;\u:${NEW_PWD}\007\]\n\[\033[0;1;97;44m\] \u \[\033[0;34;104m\]\[\033[0;1;97;104m\] \h \[\033[0;94;107m\]\[\033[0;90;1;107m\] ${NEW_PWD} \[\033[0;97;49m\]\[\033[1;38;5;74m\] VIRTUAL_ENV_PROMPT=(robotics) /usr/bin/cmake /media/mikelap/DATA/GitRepos/robotics/robot_ws/src/mobile_manipulator_ws/src/mobile_base/mobile_base_bringup -DCMAKE_INSTALL_PREFIX=/media/mikelap/DATA/GitRepos/robotics/robot_ws/src/mobile_manipulator_ws/install/mobile_base_bringup
[1.690s] Invoking command in '/media/mikelap/DATA/GitRepos/robotics/robot_ws/src/mobile_manipulator_ws/build/mobile_base_bringup': CMAKE_PREFIX_PATH=/media/mikelap/DATA/GitRepos/robotics/robot_ws/src/mobile_manipulator_ws/install/mobile_base_description:/media/mikelap/DATA/GitRepos/robotics/robot_ws/src/mobile_manipulator_ws/install/mobile_base_gazebo:/media/mikelap/DATA/GitRepos/robotics/robot_ws/src/mobile_manipulator_ws/install/mobile_base_bringup:/media/mikelap/DATA/GitRepos/robotics/robot_ws/install/mobile_base_gazebo:/media/mikelap/DATA/GitRepos/robotics/robot_ws/install/mobile_base_bringup:/media/mikelap/DATA/GitRepos/robotics/robot_ws/install/mobile_base_description:/opt/ros/humble PS1=(robotics) \[\033]0;\u:${NEW_PWD}\007\]\n\[\033[0;1;97;44m\] \u \[\033[0;34;104m\]\[\033[0;1;97;104m\] \h \[\033[0;94;107m\]\[\033[0;90;1;107m\] ${NEW_PWD} \[\033[0;97;49m\]\[\033[1;38;5;74m\] VIRTUAL_ENV_PROMPT=(robotics) /usr/bin/cmake --build /media/mikelap/DATA/GitRepos/robotics/robot_ws/src/mobile_manipulator_ws/build/mobile_base_bringup -- -j8 -l8
[1.741s] [ 50%] [32mBuilding CXX object CMakeFiles/cpp_exe.dir/src/cpp_node.cpp.o[0m
[1.750s] [ 50%] Built target ament_cmake_python_copy_mobile_base_bringup
[1.962s] running egg_info
[1.962s] creating mobile_base_bringup.egg-info
[1.962s] writing mobile_base_bringup.egg-info/PKG-INFO
[1.962s] writing dependency_links to mobile_base_bringup.egg-info/dependency_links.txt
[1.963s] writing top-level names to mobile_base_bringup.egg-info/top_level.txt
[1.963s] writing manifest file 'mobile_base_bringup.egg-info/SOURCES.txt'
[1.964s] reading manifest file 'mobile_base_bringup.egg-info/SOURCES.txt'
[1.965s] writing manifest file 'mobile_base_bringup.egg-info/SOURCES.txt'
[1.995s] [ 50%] Built target ament_cmake_python_build_mobile_base_bringup_egg
[4.551s] [100%] [32m[1mLinking CXX executable cpp_exe[0m
[4.659s] [100%] Built target cpp_exe
[4.671s] Invoked command in '/media/mikelap/DATA/GitRepos/robotics/robot_ws/src/mobile_manipulator_ws/build/mobile_base_bringup' returned '0': CMAKE_PREFIX_PATH=/media/mikelap/DATA/GitRepos/robotics/robot_ws/src/mobile_manipulator_ws/install/mobile_base_description:/media/mikelap/DATA/GitRepos/robotics/robot_ws/src/mobile_manipulator_ws/install/mobile_base_gazebo:/media/mikelap/DATA/GitRepos/robotics/robot_ws/src/mobile_manipulator_ws/install/mobile_base_bringup:/media/mikelap/DATA/GitRepos/robotics/robot_ws/install/mobile_base_gazebo:/media/mikelap/DATA/GitRepos/robotics/robot_ws/install/mobile_base_bringup:/media/mikelap/DATA/GitRepos/robotics/robot_ws/install/mobile_base_description:/opt/ros/humble PS1=(robotics) \[\033]0;\u:${NEW_PWD}\007\]\n\[\033[0;1;97;44m\] \u \[\033[0;34;104m\]\[\033[0;1;97;104m\] \h \[\033[0;94;107m\]\[\033[0;90;1;107m\] ${NEW_PWD} \[\033[0;97;49m\]\[\033[1;38;5;74m\] VIRTUAL_ENV_PROMPT=(robotics) /usr/bin/cmake --build /media/mikelap/DATA/GitRepos/robotics/robot_ws/src/mobile_manipulator_ws/build/mobile_base_bringup -- -j8 -l8
[4.702s] Invoking command in '/media/mikelap/DATA/GitRepos/robotics/robot_ws/src/mobile_manipulator_ws/build/mobile_base_bringup': CMAKE_PREFIX_PATH=/media/mikelap/DATA/GitRepos/robotics/robot_ws/src/mobile_manipulator_ws/install/mobile_base_description:/media/mikelap/DATA/GitRepos/robotics/robot_ws/src/mobile_manipulator_ws/install/mobile_base_gazebo:/media/mikelap/DATA/GitRepos/robotics/robot_ws/src/mobile_manipulator_ws/install/mobile_base_bringup:/media/mikelap/DATA/GitRepos/robotics/robot_ws/install/mobile_base_gazebo:/media/mikelap/DATA/GitRepos/robotics/robot_ws/install/mobile_base_bringup:/media/mikelap/DATA/GitRepos/robotics/robot_ws/install/mobile_base_description:/opt/ros/humble PS1=(robotics) \[\033]0;\u:${NEW_PWD}\007\]\n\[\033[0;1;97;44m\] \u \[\033[0;34;104m\]\[\033[0;1;97;104m\] \h \[\033[0;94;107m\]\[\033[0;90;1;107m\] ${NEW_PWD} \[\033[0;97;49m\]\[\033[1;38;5;74m\] VIRTUAL_ENV_PROMPT=(robotics) /usr/bin/cmake --install /media/mikelap/DATA/GitRepos/robotics/robot_ws/src/mobile_manipulator_ws/build/mobile_base_bringup
[4.710s] -- Install configuration: ""
[4.711s] -- Installing: /media/mikelap/DATA/GitRepos/robotics/robot_ws/src/mobile_manipulator_ws/install/mobile_base_bringup/lib/mobile_base_bringup/cpp_exe
[4.711s] -- Set runtime path of "/media/mikelap/DATA/GitRepos/robotics/robot_ws/src/mobile_manipulator_ws/install/mobile_base_bringup/lib/mobile_base_bringup/cpp_exe" to ""
[4.711s] -- Installing: /media/mikelap/DATA/GitRepos/robotics/robot_ws/src/mobile_manipulator_ws/install/mobile_base_bringup/share/mobile_base_bringup/environment/pythonpath.sh
[4.712s] -- Installing: /media/mikelap/DATA/GitRepos/robotics/robot_ws/src/mobile_manipulator_ws/install/mobile_base_bringup/share/mobile_base_bringup/environment/pythonpath.dsv
[4.712s] -- Installing: /media/mikelap/DATA/GitRepos/robotics/robot_ws/src/mobile_manipulator_ws/install/mobile_base_bringup/lib/python3.10/site-packages/mobile_base_bringup-0.0.0-py3.10.egg-info
[4.712s] -- Installing: /media/mikelap/DATA/GitRepos/robotics/robot_ws/src/mobile_manipulator_ws/install/mobile_base_bringup/lib/python3.10/site-packages/mobile_base_bringup-0.0.0-py3.10.egg-info/top_level.txt
[4.712s] -- Installing: /media/mikelap/DATA/GitRepos/robotics/robot_ws/src/mobile_manipulator_ws/install/mobile_base_bringup/lib/python3.10/site-packages/mobile_base_bringup-0.0.0-py3.10.egg-info/SOURCES.txt
[4.712s] -- Installing: /media/mikelap/DATA/GitRepos/robotics/robot_ws/src/mobile_manipulator_ws/install/mobile_base_bringup/lib/python3.10/site-packages/mobile_base_bringup-0.0.0-py3.10.egg-info/PKG-INFO
[4.712s] -- Installing: /media/mikelap/DATA/GitRepos/robotics/robot_ws/src/mobile_manipulator_ws/install/mobile_base_bringup/lib/python3.10/site-packages/mobile_base_bringup-0.0.0-py3.10.egg-info/dependency_links.txt
[4.712s] -- Installing: /media/mikelap/DATA/GitRepos/robotics/robot_ws/src/mobile_manipulator_ws/install/mobile_base_bringup/lib/python3.10/site-packages/mobile_base_bringup
[4.713s] -- Installing: /media/mikelap/DATA/GitRepos/robotics/robot_ws/src/mobile_manipulator_ws/install/mobile_base_bringup/lib/python3.10/site-packages/mobile_base_bringup/__init__.py
[4.713s] -- Installing: /media/mikelap/DATA/GitRepos/robotics/robot_ws/src/mobile_manipulator_ws/install/mobile_base_bringup/lib/python3.10/site-packages/mobile_base_bringup/module_to_import.py
[4.743s] Listing '/media/mikelap/DATA/GitRepos/robotics/robot_ws/src/mobile_manipulator_ws/install/mobile_base_bringup/lib/python3.10/site-packages/mobile_base_bringup'...
[4.743s] Compiling '/media/mikelap/DATA/GitRepos/robotics/robot_ws/src/mobile_manipulator_ws/install/mobile_base_bringup/lib/python3.10/site-packages/mobile_base_bringup/__init__.py'...
[4.744s] Compiling '/media/mikelap/DATA/GitRepos/robotics/robot_ws/src/mobile_manipulator_ws/install/mobile_base_bringup/lib/python3.10/site-packages/mobile_base_bringup/module_to_import.py'...
[4.748s] -- Installing: /media/mikelap/DATA/GitRepos/robotics/robot_ws/src/mobile_manipulator_ws/install/mobile_base_bringup/lib/mobile_base_bringup/py_node.py
[4.749s] -- Installing: /media/mikelap/DATA/GitRepos/robotics/robot_ws/src/mobile_manipulator_ws/install/mobile_base_bringup/share/mobile_base_bringup//config
[4.749s] -- Installing: /media/mikelap/DATA/GitRepos/robotics/robot_ws/src/mobile_manipulator_ws/install/mobile_base_bringup/share/mobile_base_bringup//config/2whl_driven_control.yaml
[4.749s] -- Installing: /media/mikelap/DATA/GitRepos/robotics/robot_ws/src/mobile_manipulator_ws/install/mobile_base_bringup/share/mobile_base_bringup//config/4whl_driven_control.yaml
[4.749s] -- Installing: /media/mikelap/DATA/GitRepos/robotics/robot_ws/src/mobile_manipulator_ws/install/mobile_base_bringup/share/mobile_base_bringup//config/control.yaml
[4.749s] -- Installing: /media/mikelap/DATA/GitRepos/robotics/robot_ws/src/mobile_manipulator_ws/install/mobile_base_bringup/share/mobile_base_bringup//launch
[4.749s] -- Installing: /media/mikelap/DATA/GitRepos/robotics/robot_ws/src/mobile_manipulator_ws/install/mobile_base_bringup/share/mobile_base_bringup//launch/publish_robot_description.launch.py
[4.750s] -- Installing: /media/mikelap/DATA/GitRepos/robotics/robot_ws/src/mobile_manipulator_ws/install/mobile_base_bringup/share/mobile_base_bringup//launch/rviz.launch.py
[4.750s] -- Installing: /media/mikelap/DATA/GitRepos/robotics/robot_ws/src/mobile_manipulator_ws/install/mobile_base_bringup/share/ament_index/resource_index/package_run_dependencies/mobile_base_bringup
[4.750s] -- Installing: /media/mikelap/DATA/GitRepos/robotics/robot_ws/src/mobile_manipulator_ws/install/mobile_base_bringup/share/ament_index/resource_index/parent_prefix_path/mobile_base_bringup
[4.750s] -- Installing: /media/mikelap/DATA/GitRepos/robotics/robot_ws/src/mobile_manipulator_ws/install/mobile_base_bringup/share/mobile_base_bringup/environment/ament_prefix_path.sh
[4.750s] -- Installing: /media/mikelap/DATA/GitRepos/robotics/robot_ws/src/mobile_manipulator_ws/install/mobile_base_bringup/share/mobile_base_bringup/environment/ament_prefix_path.dsv
[4.750s] -- Installing: /media/mikelap/DATA/GitRepos/robotics/robot_ws/src/mobile_manipulator_ws/install/mobile_base_bringup/share/mobile_base_bringup/environment/path.sh
[4.751s] -- Installing: /media/mikelap/DATA/GitRepos/robotics/robot_ws/src/mobile_manipulator_ws/install/mobile_base_bringup/share/mobile_base_bringup/environment/path.dsv
[4.751s] -- Installing: /media/mikelap/DATA/GitRepos/robotics/robot_ws/src/mobile_manipulator_ws/install/mobile_base_bringup/share/mobile_base_bringup/local_setup.bash
[4.751s] -- Installing: /media/mikelap/DATA/GitRepos/robotics/robot_ws/src/mobile_manipulator_ws/install/mobile_base_bringup/share/mobile_base_bringup/local_setup.sh
[4.751s] -- Installing: /media/mikelap/DATA/GitRepos/robotics/robot_ws/src/mobile_manipulator_ws/install/mobile_base_bringup/share/mobile_base_bringup/local_setup.zsh
[4.751s] -- Installing: /media/mikelap/DATA/GitRepos/robotics/robot_ws/src/mobile_manipulator_ws/install/mobile_base_bringup/share/mobile_base_bringup/local_setup.dsv
[4.751s] -- Installing: /media/mikelap/DATA/GitRepos/robotics/robot_ws/src/mobile_manipulator_ws/install/mobile_base_bringup/share/mobile_base_bringup/package.dsv
[4.752s] -- Installing: /media/mikelap/DATA/GitRepos/robotics/robot_ws/src/mobile_manipulator_ws/install/mobile_base_bringup/share/ament_index/resource_index/packages/mobile_base_bringup
[4.752s] -- Installing: /media/mikelap/DATA/GitRepos/robotics/robot_ws/src/mobile_manipulator_ws/install/mobile_base_bringup/share/mobile_base_bringup/cmake/mobile_base_bringupConfig.cmake
[4.752s] -- Installing: /media/mikelap/DATA/GitRepos/robotics/robot_ws/src/mobile_manipulator_ws/install/mobile_base_bringup/share/mobile_base_bringup/cmake/mobile_base_bringupConfig-version.cmake
[4.752s] -- Installing: /media/mikelap/DATA/GitRepos/robotics/robot_ws/src/mobile_manipulator_ws/install/mobile_base_bringup/share/mobile_base_bringup/package.xml
[4.755s] Invoked command in '/media/mikelap/DATA/GitRepos/robotics/robot_ws/src/mobile_manipulator_ws/build/mobile_base_bringup' returned '0': CMAKE_PREFIX_PATH=/media/mikelap/DATA/GitRepos/robotics/robot_ws/src/mobile_manipulator_ws/install/mobile_base_description:/media/mikelap/DATA/GitRepos/robotics/robot_ws/src/mobile_manipulator_ws/install/mobile_base_gazebo:/media/mikelap/DATA/GitRepos/robotics/robot_ws/src/mobile_manipulator_ws/install/mobile_base_bringup:/media/mikelap/DATA/GitRepos/robotics/robot_ws/install/mobile_base_gazebo:/media/mikelap/DATA/GitRepos/robotics/robot_ws/install/mobile_base_bringup:/media/mikelap/DATA/GitRepos/robotics/robot_ws/install/mobile_base_description:/opt/ros/humble PS1=(robotics) \[\033]0;\u:${NEW_PWD}\007\]\n\[\033[0;1;97;44m\] \u \[\033[0;34;104m\]\[\033[0;1;97;104m\] \h \[\033[0;94;107m\]\[\033[0;90;1;107m\] ${NEW_PWD} \[\033[0;97;49m\]\[\033[1;38;5;74m\] VIRTUAL_ENV_PROMPT=(robotics) /usr/bin/cmake --install /media/mikelap/DATA/GitRepos/robotics/robot_ws/src/mobile_manipulator_ws/build/mobile_base_bringup
