[1.334s] DEBUG:colcon:Command line arguments: ['/usr/bin/colcon', 'build', '--packages-select', 'mobile_base_bringup', 'mobile_base_description', 'mobile_base_gazebo']
[1.334s] DEBUG:colcon:Parsed command line arguments: Namespace(log_base=None, log_level=None, verb_name='build', build_base='build', install_base='install', merge_install=False, symlink_install=False, test_result_base=None, continue_on_error=False, executor='parallel', parallel_workers=8, event_handlers=None, ignore_user_meta=False, metas=['./colcon.meta'], base_paths=['.'], packages_ignore=None, packages_ignore_regex=None, paths=None, packages_up_to=None, packages_up_to_regex=None, packages_above=None, packages_above_and_dependencies=None, packages_above_depth=None, packages_select_by_dep=None, packages_skip_by_dep=None, packages_skip_up_to=None, packages_select_build_failed=False, packages_skip_build_finished=False, packages_select_test_failures=False, packages_skip_test_passed=False, packages_select=['mobile_base_bringup', 'mobile_base_description', 'mobile_base_gazebo'], packages_skip=None, packages_select_regex=None, packages_skip_regex=None, packages_start=None, packages_end=None, allow_overriding=[], cmake_args=None, cmake_target=None, cmake_target_skip_unavailable=False, cmake_clean_cache=False, cmake_clean_first=False, cmake_force_configure=False, ament_cmake_args=None, catkin_cmake_args=None, catkin_skip_building_tests=False, verb_parser=<colcon_defaults.argument_parser.defaults.DefaultArgumentsDecorator object at 0x7fda5b61e5c0>, verb_extension=<colcon_core.verb.build.BuildVerb object at 0x7fda5b6f74f0>, main=<bound method BuildVerb.main of <colcon_core.verb.build.BuildVerb object at 0x7fda5b6f74f0>>)
[1.390s] Level 1:colcon.colcon_core.package_discovery:discover_packages(colcon_meta) check parameters
[1.390s] Level 1:colcon.colcon_core.package_discovery:discover_packages(recursive) check parameters
[1.390s] Level 1:colcon.colcon_core.package_discovery:discover_packages(ignore) check parameters
[1.390s] Level 1:colcon.colcon_core.package_discovery:discover_packages(path) check parameters
[1.390s] Level 1:colcon.colcon_core.package_discovery:discover_packages(colcon_meta) discover
[1.390s] Level 1:colcon.colcon_core.package_discovery:discover_packages(recursive) discover
[1.390s] INFO:colcon.colcon_core.package_discovery:Crawling recursively for packages in '/media/mikelap/DATA/GitRepos/robotics/robot_ws/src/mobile_manipulator_ws'
[1.390s] Level 1:colcon.colcon_core.package_identification:_identify(.) by extensions ['ignore', 'ignore_ament_install']
[1.390s] Level 1:colcon.colcon_core.package_identification:_identify(.) by extension 'ignore'
[1.390s] Level 1:colcon.colcon_core.package_identification:_identify(.) by extension 'ignore_ament_install'
[1.390s] Level 1:colcon.colcon_core.package_identification:_identify(.) by extensions ['colcon_pkg']
[1.390s] Level 1:colcon.colcon_core.package_identification:_identify(.) by extension 'colcon_pkg'
[1.390s] Level 1:colcon.colcon_core.package_identification:_identify(.) by extensions ['colcon_meta']
[1.390s] Level 1:colcon.colcon_core.package_identification:_identify(.) by extension 'colcon_meta'
[1.390s] Level 1:colcon.colcon_core.package_identification:_identify(.) by extensions ['ros']
[1.391s] Level 1:colcon.colcon_core.package_identification:_identify(.) by extension 'ros'
[1.401s] Level 1:colcon.colcon_core.package_identification:_identify(.) by extensions ['cmake', 'python']
[1.401s] Level 1:colcon.colcon_core.package_identification:_identify(.) by extension 'cmake'
[1.401s] Level 1:colcon.colcon_core.package_identification:_identify(.) by extension 'python'
[1.401s] Level 1:colcon.colcon_core.package_identification:_identify(.) by extensions ['python_setup_py']
[1.402s] Level 1:colcon.colcon_core.package_identification:_identify(.) by extension 'python_setup_py'
[1.402s] Level 1:colcon.colcon_core.package_identification:_identify(build) by extensions ['ignore', 'ignore_ament_install']
[1.402s] Level 1:colcon.colcon_core.package_identification:_identify(build) by extension 'ignore'
[1.402s] Level 1:colcon.colcon_core.package_identification:_identify(build) ignored
[1.402s] Level 1:colcon.colcon_core.package_identification:_identify(install) by extensions ['ignore', 'ignore_ament_install']
[1.402s] Level 1:colcon.colcon_core.package_identification:_identify(install) by extension 'ignore'
[1.402s] Level 1:colcon.colcon_core.package_identification:_identify(install) ignored
[1.402s] Level 1:colcon.colcon_core.package_identification:_identify(log) by extensions ['ignore', 'ignore_ament_install']
[1.402s] Level 1:colcon.colcon_core.package_identification:_identify(log) by extension 'ignore'
[1.402s] Level 1:colcon.colcon_core.package_identification:_identify(log) ignored
[1.402s] Level 1:colcon.colcon_core.package_identification:_identify(src) by extensions ['ignore', 'ignore_ament_install']
[1.402s] Level 1:colcon.colcon_core.package_identification:_identify(src) by extension 'ignore'
[1.403s] Level 1:colcon.colcon_core.package_identification:_identify(src) by extension 'ignore_ament_install'
[1.403s] Level 1:colcon.colcon_core.package_identification:_identify(src) by extensions ['colcon_pkg']
[1.403s] Level 1:colcon.colcon_core.package_identification:_identify(src) by extension 'colcon_pkg'
[1.403s] Level 1:colcon.colcon_core.package_identification:_identify(src) by extensions ['colcon_meta']
[1.403s] Level 1:colcon.colcon_core.package_identification:_identify(src) by extension 'colcon_meta'
[1.403s] Level 1:colcon.colcon_core.package_identification:_identify(src) by extensions ['ros']
[1.403s] Level 1:colcon.colcon_core.package_identification:_identify(src) by extension 'ros'
[1.403s] Level 1:colcon.colcon_core.package_identification:_identify(src) by extensions ['cmake', 'python']
[1.403s] Level 1:colcon.colcon_core.package_identification:_identify(src) by extension 'cmake'
[1.403s] Level 1:colcon.colcon_core.package_identification:_identify(src) by extension 'python'
[1.403s] Level 1:colcon.colcon_core.package_identification:_identify(src) by extensions ['python_setup_py']
[1.403s] Level 1:colcon.colcon_core.package_identification:_identify(src) by extension 'python_setup_py'
[1.403s] Level 1:colcon.colcon_core.package_identification:_identify(src/manipulator) by extensions ['ignore', 'ignore_ament_install']
[1.403s] Level 1:colcon.colcon_core.package_identification:_identify(src/manipulator) by extension 'ignore'
[1.403s] Level 1:colcon.colcon_core.package_identification:_identify(src/manipulator) by extension 'ignore_ament_install'
[1.403s] Level 1:colcon.colcon_core.package_identification:_identify(src/manipulator) by extensions ['colcon_pkg']
[1.403s] Level 1:colcon.colcon_core.package_identification:_identify(src/manipulator) by extension 'colcon_pkg'
[1.403s] Level 1:colcon.colcon_core.package_identification:_identify(src/manipulator) by extensions ['colcon_meta']
[1.403s] Level 1:colcon.colcon_core.package_identification:_identify(src/manipulator) by extension 'colcon_meta'
[1.403s] Level 1:colcon.colcon_core.package_identification:_identify(src/manipulator) by extensions ['ros']
[1.404s] Level 1:colcon.colcon_core.package_identification:_identify(src/manipulator) by extension 'ros'
[1.404s] Level 1:colcon.colcon_core.package_identification:_identify(src/manipulator) by extensions ['cmake', 'python']
[1.404s] Level 1:colcon.colcon_core.package_identification:_identify(src/manipulator) by extension 'cmake'
[1.404s] Level 1:colcon.colcon_core.package_identification:_identify(src/manipulator) by extension 'python'
[1.404s] Level 1:colcon.colcon_core.package_identification:_identify(src/manipulator) by extensions ['python_setup_py']
[1.404s] Level 1:colcon.colcon_core.package_identification:_identify(src/manipulator) by extension 'python_setup_py'
[1.404s] Level 1:colcon.colcon_core.package_identification:_identify(src/manipulator/manip_bringup) by extensions ['ignore', 'ignore_ament_install']
[1.404s] Level 1:colcon.colcon_core.package_identification:_identify(src/manipulator/manip_bringup) by extension 'ignore'
[1.404s] Level 1:colcon.colcon_core.package_identification:_identify(src/manipulator/manip_bringup) by extension 'ignore_ament_install'
[1.404s] Level 1:colcon.colcon_core.package_identification:_identify(src/manipulator/manip_bringup) by extensions ['colcon_pkg']
[1.404s] Level 1:colcon.colcon_core.package_identification:_identify(src/manipulator/manip_bringup) by extension 'colcon_pkg'
[1.404s] Level 1:colcon.colcon_core.package_identification:_identify(src/manipulator/manip_bringup) by extensions ['colcon_meta']
[1.404s] Level 1:colcon.colcon_core.package_identification:_identify(src/manipulator/manip_bringup) by extension 'colcon_meta'
[1.404s] Level 1:colcon.colcon_core.package_identification:_identify(src/manipulator/manip_bringup) by extensions ['ros']
[1.404s] Level 1:colcon.colcon_core.package_identification:_identify(src/manipulator/manip_bringup) by extension 'ros'
[1.407s] DEBUG:colcon.colcon_core.package_identification:Package 'src/manipulator/manip_bringup' with type 'ros.ament_cmake' and name 'manip_bringup'
[1.407s] Level 1:colcon.colcon_core.package_identification:_identify(src/manipulator/manip_description) by extensions ['ignore', 'ignore_ament_install']
[1.407s] Level 1:colcon.colcon_core.package_identification:_identify(src/manipulator/manip_description) by extension 'ignore'
[1.407s] Level 1:colcon.colcon_core.package_identification:_identify(src/manipulator/manip_description) by extension 'ignore_ament_install'
[1.407s] Level 1:colcon.colcon_core.package_identification:_identify(src/manipulator/manip_description) by extensions ['colcon_pkg']
[1.407s] Level 1:colcon.colcon_core.package_identification:_identify(src/manipulator/manip_description) by extension 'colcon_pkg'
[1.407s] Level 1:colcon.colcon_core.package_identification:_identify(src/manipulator/manip_description) by extensions ['colcon_meta']
[1.407s] Level 1:colcon.colcon_core.package_identification:_identify(src/manipulator/manip_description) by extension 'colcon_meta'
[1.407s] Level 1:colcon.colcon_core.package_identification:_identify(src/manipulator/manip_description) by extensions ['ros']
[1.407s] Level 1:colcon.colcon_core.package_identification:_identify(src/manipulator/manip_description) by extension 'ros'
[1.408s] DEBUG:colcon.colcon_core.package_identification:Package 'src/manipulator/manip_description' with type 'ros.ament_cmake' and name 'manip_description'
[1.408s] Level 1:colcon.colcon_core.package_identification:_identify(src/mobile_base) by extensions ['ignore', 'ignore_ament_install']
[1.408s] Level 1:colcon.colcon_core.package_identification:_identify(src/mobile_base) by extension 'ignore'
[1.408s] Level 1:colcon.colcon_core.package_identification:_identify(src/mobile_base) by extension 'ignore_ament_install'
[1.408s] Level 1:colcon.colcon_core.package_identification:_identify(src/mobile_base) by extensions ['colcon_pkg']
[1.408s] Level 1:colcon.colcon_core.package_identification:_identify(src/mobile_base) by extension 'colcon_pkg'
[1.408s] Level 1:colcon.colcon_core.package_identification:_identify(src/mobile_base) by extensions ['colcon_meta']
[1.408s] Level 1:colcon.colcon_core.package_identification:_identify(src/mobile_base) by extension 'colcon_meta'
[1.408s] Level 1:colcon.colcon_core.package_identification:_identify(src/mobile_base) by extensions ['ros']
[1.408s] Level 1:colcon.colcon_core.package_identification:_identify(src/mobile_base) by extension 'ros'
[1.408s] Level 1:colcon.colcon_core.package_identification:_identify(src/mobile_base) by extensions ['cmake', 'python']
[1.408s] Level 1:colcon.colcon_core.package_identification:_identify(src/mobile_base) by extension 'cmake'
[1.408s] Level 1:colcon.colcon_core.package_identification:_identify(src/mobile_base) by extension 'python'
[1.409s] Level 1:colcon.colcon_core.package_identification:_identify(src/mobile_base) by extensions ['python_setup_py']
[1.409s] Level 1:colcon.colcon_core.package_identification:_identify(src/mobile_base) by extension 'python_setup_py'
[1.409s] Level 1:colcon.colcon_core.package_identification:_identify(src/mobile_base/mobile_base_bringup) by extensions ['ignore', 'ignore_ament_install']
[1.409s] Level 1:colcon.colcon_core.package_identification:_identify(src/mobile_base/mobile_base_bringup) by extension 'ignore'
[1.409s] Level 1:colcon.colcon_core.package_identification:_identify(src/mobile_base/mobile_base_bringup) by extension 'ignore_ament_install'
[1.409s] Level 1:colcon.colcon_core.package_identification:_identify(src/mobile_base/mobile_base_bringup) by extensions ['colcon_pkg']
[1.409s] Level 1:colcon.colcon_core.package_identification:_identify(src/mobile_base/mobile_base_bringup) by extension 'colcon_pkg'
[1.409s] Level 1:colcon.colcon_core.package_identification:_identify(src/mobile_base/mobile_base_bringup) by extensions ['colcon_meta']
[1.409s] Level 1:colcon.colcon_core.package_identification:_identify(src/mobile_base/mobile_base_bringup) by extension 'colcon_meta'
[1.409s] Level 1:colcon.colcon_core.package_identification:_identify(src/mobile_base/mobile_base_bringup) by extensions ['ros']
[1.409s] Level 1:colcon.colcon_core.package_identification:_identify(src/mobile_base/mobile_base_bringup) by extension 'ros'
[1.410s] DEBUG:colcon.colcon_core.package_identification:Package 'src/mobile_base/mobile_base_bringup' with type 'ros.ament_cmake' and name 'mobile_base_bringup'
[1.410s] Level 1:colcon.colcon_core.package_identification:_identify(src/mobile_base/mobile_base_description) by extensions ['ignore', 'ignore_ament_install']
[1.410s] Level 1:colcon.colcon_core.package_identification:_identify(src/mobile_base/mobile_base_description) by extension 'ignore'
[1.410s] Level 1:colcon.colcon_core.package_identification:_identify(src/mobile_base/mobile_base_description) by extension 'ignore_ament_install'
[1.410s] Level 1:colcon.colcon_core.package_identification:_identify(src/mobile_base/mobile_base_description) by extensions ['colcon_pkg']
[1.410s] Level 1:colcon.colcon_core.package_identification:_identify(src/mobile_base/mobile_base_description) by extension 'colcon_pkg'
[1.410s] Level 1:colcon.colcon_core.package_identification:_identify(src/mobile_base/mobile_base_description) by extensions ['colcon_meta']
[1.410s] Level 1:colcon.colcon_core.package_identification:_identify(src/mobile_base/mobile_base_description) by extension 'colcon_meta'
[1.410s] Level 1:colcon.colcon_core.package_identification:_identify(src/mobile_base/mobile_base_description) by extensions ['ros']
[1.410s] Level 1:colcon.colcon_core.package_identification:_identify(src/mobile_base/mobile_base_description) by extension 'ros'
[1.411s] DEBUG:colcon.colcon_core.package_identification:Package 'src/mobile_base/mobile_base_description' with type 'ros.ament_cmake' and name 'mobile_base_description'
[1.411s] Level 1:colcon.colcon_core.package_identification:_identify(src/mobile_base/mobile_base_gazebo) by extensions ['ignore', 'ignore_ament_install']
[1.411s] Level 1:colcon.colcon_core.package_identification:_identify(src/mobile_base/mobile_base_gazebo) by extension 'ignore'
[1.411s] Level 1:colcon.colcon_core.package_identification:_identify(src/mobile_base/mobile_base_gazebo) by extension 'ignore_ament_install'
[1.411s] Level 1:colcon.colcon_core.package_identification:_identify(src/mobile_base/mobile_base_gazebo) by extensions ['colcon_pkg']
[1.411s] Level 1:colcon.colcon_core.package_identification:_identify(src/mobile_base/mobile_base_gazebo) by extension 'colcon_pkg'
[1.411s] Level 1:colcon.colcon_core.package_identification:_identify(src/mobile_base/mobile_base_gazebo) by extensions ['colcon_meta']
[1.411s] Level 1:colcon.colcon_core.package_identification:_identify(src/mobile_base/mobile_base_gazebo) by extension 'colcon_meta'
[1.411s] Level 1:colcon.colcon_core.package_identification:_identify(src/mobile_base/mobile_base_gazebo) by extensions ['ros']
[1.411s] Level 1:colcon.colcon_core.package_identification:_identify(src/mobile_base/mobile_base_gazebo) by extension 'ros'
[1.412s] DEBUG:colcon.colcon_core.package_identification:Package 'src/mobile_base/mobile_base_gazebo' with type 'ros.ament_cmake' and name 'mobile_base_gazebo'
[1.412s] Level 1:colcon.colcon_core.package_discovery:discover_packages(recursive) using defaults
[1.412s] Level 1:colcon.colcon_core.package_discovery:discover_packages(ignore) discover
[1.412s] Level 1:colcon.colcon_core.package_discovery:discover_packages(ignore) using defaults
[1.412s] Level 1:colcon.colcon_core.package_discovery:discover_packages(path) discover
[1.412s] Level 1:colcon.colcon_core.package_discovery:discover_packages(path) using defaults
[1.491s] INFO:colcon.colcon_core.package_selection:Skipping not selected package 'manip_description' in 'src/manipulator/manip_description'
[1.491s] INFO:colcon.colcon_core.package_selection:Skipping not selected package 'manip_bringup' in 'src/manipulator/manip_bringup'
[1.542s] Level 1:colcon.colcon_core.package_discovery:discover_packages(prefix_path) check parameters
[1.542s] Level 1:colcon.colcon_core.package_discovery:discover_packages(prefix_path) discover
[1.562s] WARNING:colcon.colcon_core.prefix_path.colcon:The path '/media/mikelap/DATA/GitRepos/robotics/robot_ws/install' in the environment variable COLCON_PREFIX_PATH doesn't exist
[1.562s] WARNING:colcon.colcon_ros.prefix_path.ament:The path '/media/mikelap/DATA/GitRepos/robotics/robot_ws/src/mobile_manipulator_ws/install/mobile_base_gazebo' in the environment variable AMENT_PREFIX_PATH doesn't exist
[1.562s] WARNING:colcon.colcon_ros.prefix_path.ament:The path '/media/mikelap/DATA/GitRepos/robotics/robot_ws/src/mobile_manipulator_ws/install/mobile_base_bringup' in the environment variable AMENT_PREFIX_PATH doesn't exist
[1.562s] WARNING:colcon.colcon_ros.prefix_path.ament:The path '/media/mikelap/DATA/GitRepos/robotics/robot_ws/src/mobile_manipulator_ws/install/mobile_base_description' in the environment variable AMENT_PREFIX_PATH doesn't exist
[1.562s] WARNING:colcon.colcon_ros.prefix_path.ament:The path '/media/mikelap/DATA/GitRepos/robotics/robot_ws/install/mobile_base_gazebo' in the environment variable AMENT_PREFIX_PATH doesn't exist
[1.562s] WARNING:colcon.colcon_ros.prefix_path.ament:The path '/media/mikelap/DATA/GitRepos/robotics/robot_ws/install/mobile_base_bringup' in the environment variable AMENT_PREFIX_PATH doesn't exist
[1.562s] WARNING:colcon.colcon_ros.prefix_path.ament:The path '/media/mikelap/DATA/GitRepos/robotics/robot_ws/install/mobile_base_description' in the environment variable AMENT_PREFIX_PATH doesn't exist
[1.563s] WARNING:colcon.colcon_ros.prefix_path.catkin:The path '/media/mikelap/DATA/GitRepos/robotics/robot_ws/src/mobile_manipulator_ws/install/mobile_base_gazebo' in the environment variable CMAKE_PREFIX_PATH doesn't exist
[1.563s] WARNING:colcon.colcon_ros.prefix_path.catkin:The path '/media/mikelap/DATA/GitRepos/robotics/robot_ws/src/mobile_manipulator_ws/install/mobile_base_bringup' in the environment variable CMAKE_PREFIX_PATH doesn't exist
[1.563s] WARNING:colcon.colcon_ros.prefix_path.catkin:The path '/media/mikelap/DATA/GitRepos/robotics/robot_ws/src/mobile_manipulator_ws/install/mobile_base_description' in the environment variable CMAKE_PREFIX_PATH doesn't exist
[1.563s] WARNING:colcon.colcon_ros.prefix_path.catkin:The path '/media/mikelap/DATA/GitRepos/robotics/robot_ws/install/mobile_base_gazebo' in the environment variable CMAKE_PREFIX_PATH doesn't exist
[1.563s] WARNING:colcon.colcon_ros.prefix_path.catkin:The path '/media/mikelap/DATA/GitRepos/robotics/robot_ws/install/mobile_base_bringup' in the environment variable CMAKE_PREFIX_PATH doesn't exist
[1.563s] WARNING:colcon.colcon_ros.prefix_path.catkin:The path '/media/mikelap/DATA/GitRepos/robotics/robot_ws/install/mobile_base_description' in the environment variable CMAKE_PREFIX_PATH doesn't exist
[1.584s] DEBUG:colcon.colcon_installed_package_information.package_discovery:Found 0 installed packages in /media/mikelap/DATA/GitRepos/robotics/robot_ws/src/mobile_manipulator_ws/install
[1.606s] DEBUG:colcon.colcon_installed_package_information.package_discovery:Found 399 installed packages in /opt/ros/humble
[1.607s] Level 1:colcon.colcon_core.package_discovery:discover_packages(prefix_path) using defaults
[1.735s] Level 5:colcon.colcon_core.verb:set package 'mobile_base_description' build argument 'cmake_args' from command line to 'None'
[1.735s] Level 5:colcon.colcon_core.verb:set package 'mobile_base_description' build argument 'cmake_target' from command line to 'None'
[1.735s] Level 5:colcon.colcon_core.verb:set package 'mobile_base_description' build argument 'cmake_target_skip_unavailable' from command line to 'False'
[1.735s] Level 5:colcon.colcon_core.verb:set package 'mobile_base_description' build argument 'cmake_clean_cache' from command line to 'False'
[1.735s] Level 5:colcon.colcon_core.verb:set package 'mobile_base_description' build argument 'cmake_clean_first' from command line to 'False'
[1.735s] Level 5:colcon.colcon_core.verb:set package 'mobile_base_description' build argument 'cmake_force_configure' from command line to 'False'
[1.735s] Level 5:colcon.colcon_core.verb:set package 'mobile_base_description' build argument 'ament_cmake_args' from command line to 'None'
[1.735s] Level 5:colcon.colcon_core.verb:set package 'mobile_base_description' build argument 'catkin_cmake_args' from command line to 'None'
[1.735s] Level 5:colcon.colcon_core.verb:set package 'mobile_base_description' build argument 'catkin_skip_building_tests' from command line to 'False'
[1.735s] DEBUG:colcon.colcon_core.verb:Building package 'mobile_base_description' with the following arguments: {'ament_cmake_args': None, 'build_base': '/media/mikelap/DATA/GitRepos/robotics/robot_ws/src/mobile_manipulator_ws/build/mobile_base_description', 'catkin_cmake_args': None, 'catkin_skip_building_tests': False, 'cmake_args': None, 'cmake_clean_cache': False, 'cmake_clean_first': False, 'cmake_force_configure': False, 'cmake_target': None, 'cmake_target_skip_unavailable': False, 'install_base': '/media/mikelap/DATA/GitRepos/robotics/robot_ws/src/mobile_manipulator_ws/install/mobile_base_description', 'merge_install': False, 'path': '/media/mikelap/DATA/GitRepos/robotics/robot_ws/src/mobile_manipulator_ws/src/mobile_base/mobile_base_description', 'symlink_install': False, 'test_result_base': None}
[1.756s] Level 5:colcon.colcon_core.verb:set package 'mobile_base_bringup' build argument 'cmake_args' from command line to 'None'
[1.756s] Level 5:colcon.colcon_core.verb:set package 'mobile_base_bringup' build argument 'cmake_target' from command line to 'None'
[1.756s] Level 5:colcon.colcon_core.verb:set package 'mobile_base_bringup' build argument 'cmake_target_skip_unavailable' from command line to 'False'
[1.756s] Level 5:colcon.colcon_core.verb:set package 'mobile_base_bringup' build argument 'cmake_clean_cache' from command line to 'False'
[1.756s] Level 5:colcon.colcon_core.verb:set package 'mobile_base_bringup' build argument 'cmake_clean_first' from command line to 'False'
[1.756s] Level 5:colcon.colcon_core.verb:set package 'mobile_base_bringup' build argument 'cmake_force_configure' from command line to 'False'
[1.756s] Level 5:colcon.colcon_core.verb:set package 'mobile_base_bringup' build argument 'ament_cmake_args' from command line to 'None'
[1.756s] Level 5:colcon.colcon_core.verb:set package 'mobile_base_bringup' build argument 'catkin_cmake_args' from command line to 'None'
[1.756s] Level 5:colcon.colcon_core.verb:set package 'mobile_base_bringup' build argument 'catkin_skip_building_tests' from command line to 'False'
[1.756s] DEBUG:colcon.colcon_core.verb:Building package 'mobile_base_bringup' with the following arguments: {'ament_cmake_args': None, 'build_base': '/media/mikelap/DATA/GitRepos/robotics/robot_ws/src/mobile_manipulator_ws/build/mobile_base_bringup', 'catkin_cmake_args': None, 'catkin_skip_building_tests': False, 'cmake_args': None, 'cmake_clean_cache': False, 'cmake_clean_first': False, 'cmake_force_configure': False, 'cmake_target': None, 'cmake_target_skip_unavailable': False, 'install_base': '/media/mikelap/DATA/GitRepos/robotics/robot_ws/src/mobile_manipulator_ws/install/mobile_base_bringup', 'merge_install': False, 'path': '/media/mikelap/DATA/GitRepos/robotics/robot_ws/src/mobile_manipulator_ws/src/mobile_base/mobile_base_bringup', 'symlink_install': False, 'test_result_base': None}
[1.776s] Level 5:colcon.colcon_core.verb:set package 'mobile_base_gazebo' build argument 'cmake_args' from command line to 'None'
[1.776s] Level 5:colcon.colcon_core.verb:set package 'mobile_base_gazebo' build argument 'cmake_target' from command line to 'None'
[1.776s] Level 5:colcon.colcon_core.verb:set package 'mobile_base_gazebo' build argument 'cmake_target_skip_unavailable' from command line to 'False'
[1.776s] Level 5:colcon.colcon_core.verb:set package 'mobile_base_gazebo' build argument 'cmake_clean_cache' from command line to 'False'
[1.776s] Level 5:colcon.colcon_core.verb:set package 'mobile_base_gazebo' build argument 'cmake_clean_first' from command line to 'False'
[1.776s] Level 5:colcon.colcon_core.verb:set package 'mobile_base_gazebo' build argument 'cmake_force_configure' from command line to 'False'
[1.776s] Level 5:colcon.colcon_core.verb:set package 'mobile_base_gazebo' build argument 'ament_cmake_args' from command line to 'None'
[1.776s] Level 5:colcon.colcon_core.verb:set package 'mobile_base_gazebo' build argument 'catkin_cmake_args' from command line to 'None'
[1.776s] Level 5:colcon.colcon_core.verb:set package 'mobile_base_gazebo' build argument 'catkin_skip_building_tests' from command line to 'False'
[1.776s] DEBUG:colcon.colcon_core.verb:Building package 'mobile_base_gazebo' with the following arguments: {'ament_cmake_args': None, 'build_base': '/media/mikelap/DATA/GitRepos/robotics/robot_ws/src/mobile_manipulator_ws/build/mobile_base_gazebo', 'catkin_cmake_args': None, 'catkin_skip_building_tests': False, 'cmake_args': None, 'cmake_clean_cache': False, 'cmake_clean_first': False, 'cmake_force_configure': False, 'cmake_target': None, 'cmake_target_skip_unavailable': False, 'install_base': '/media/mikelap/DATA/GitRepos/robotics/robot_ws/src/mobile_manipulator_ws/install/mobile_base_gazebo', 'merge_install': False, 'path': '/media/mikelap/DATA/GitRepos/robotics/robot_ws/src/mobile_manipulator_ws/src/mobile_base/mobile_base_gazebo', 'symlink_install': False, 'test_result_base': None}
[1.795s] INFO:colcon.colcon_core.executor:Executing jobs using 'parallel' executor
[1.815s] DEBUG:colcon.colcon_parallel_executor.executor.parallel:run_until_complete
[1.816s] INFO:colcon.colcon_ros.task.ament_cmake.build:Building ROS package in '/media/mikelap/DATA/GitRepos/robotics/robot_ws/src/mobile_manipulator_ws/src/mobile_base/mobile_base_description' with build type 'ament_cmake'
[1.816s] INFO:colcon.colcon_cmake.task.cmake.build:Building CMake package in '/media/mikelap/DATA/GitRepos/robotics/robot_ws/src/mobile_manipulator_ws/src/mobile_base/mobile_base_description'
[1.838s] INFO:colcon.colcon_core.plugin_system:Skipping extension 'colcon_core.shell.bat': Not used on non-Windows systems
[1.838s] INFO:colcon.colcon_core.shell:Skip shell extension 'powershell' for command environment: Not usable outside of PowerShell
[1.838s] DEBUG:colcon.colcon_core.shell:Skip shell extension 'dsv' for command environment
[1.906s] DEBUG:colcon.colcon_core.event_handler.log_command:Invoking command in '/media/mikelap/DATA/GitRepos/robotics/robot_ws/src/mobile_manipulator_ws/build/mobile_base_description': CMAKE_PREFIX_PATH=${CMAKE_PREFIX_PATH}:/opt/ros/humble PS1=(robotics) \[\033]0;\u:${NEW_PWD}\007\]\n\[\033[0;1;97;44m\] \u \[\033[0;34;104m\]\[\033[0;1;97;104m\] \h \[\033[0;94;107m\]\[\033[0;90;1;107m\] ${NEW_PWD} \[\033[0;97;49m\]\[\033[1;38;5;74m\] VIRTUAL_ENV_PROMPT=(robotics) /usr/bin/cmake /media/mikelap/DATA/GitRepos/robotics/robot_ws/src/mobile_manipulator_ws/src/mobile_base/mobile_base_description -DCMAKE_INSTALL_PREFIX=/media/mikelap/DATA/GitRepos/robotics/robot_ws/src/mobile_manipulator_ws/install/mobile_base_description
[2.505s] DEBUG:colcon.colcon_core.event_handler.log_command:Invoked command in '/media/mikelap/DATA/GitRepos/robotics/robot_ws/src/mobile_manipulator_ws/build/mobile_base_description' returned '0': CMAKE_PREFIX_PATH=${CMAKE_PREFIX_PATH}:/opt/ros/humble PS1=(robotics) \[\033]0;\u:${NEW_PWD}\007\]\n\[\033[0;1;97;44m\] \u \[\033[0;34;104m\]\[\033[0;1;97;104m\] \h \[\033[0;94;107m\]\[\033[0;90;1;107m\] ${NEW_PWD} \[\033[0;97;49m\]\[\033[1;38;5;74m\] VIRTUAL_ENV_PROMPT=(robotics) /usr/bin/cmake /media/mikelap/DATA/GitRepos/robotics/robot_ws/src/mobile_manipulator_ws/src/mobile_base/mobile_base_description -DCMAKE_INSTALL_PREFIX=/media/mikelap/DATA/GitRepos/robotics/robot_ws/src/mobile_manipulator_ws/install/mobile_base_description
[2.508s] DEBUG:colcon.colcon_core.event_handler.log_command:Invoking command in '/media/mikelap/DATA/GitRepos/robotics/robot_ws/src/mobile_manipulator_ws/build/mobile_base_description': CMAKE_PREFIX_PATH=${CMAKE_PREFIX_PATH}:/opt/ros/humble PS1=(robotics) \[\033]0;\u:${NEW_PWD}\007\]\n\[\033[0;1;97;44m\] \u \[\033[0;34;104m\]\[\033[0;1;97;104m\] \h \[\033[0;94;107m\]\[\033[0;90;1;107m\] ${NEW_PWD} \[\033[0;97;49m\]\[\033[1;38;5;74m\] VIRTUAL_ENV_PROMPT=(robotics) /usr/bin/cmake --build /media/mikelap/DATA/GitRepos/robotics/robot_ws/src/mobile_manipulator_ws/build/mobile_base_description -- -j8 -l8
[2.546s] DEBUG:colcon.colcon_core.event_handler.log_command:Invoked command in '/media/mikelap/DATA/GitRepos/robotics/robot_ws/src/mobile_manipulator_ws/build/mobile_base_description' returned '0': CMAKE_PREFIX_PATH=${CMAKE_PREFIX_PATH}:/opt/ros/humble PS1=(robotics) \[\033]0;\u:${NEW_PWD}\007\]\n\[\033[0;1;97;44m\] \u \[\033[0;34;104m\]\[\033[0;1;97;104m\] \h \[\033[0;94;107m\]\[\033[0;90;1;107m\] ${NEW_PWD} \[\033[0;97;49m\]\[\033[1;38;5;74m\] VIRTUAL_ENV_PROMPT=(robotics) /usr/bin/cmake --build /media/mikelap/DATA/GitRepos/robotics/robot_ws/src/mobile_manipulator_ws/build/mobile_base_description -- -j8 -l8
[2.581s] DEBUG:colcon.colcon_core.event_handler.log_command:Invoking command in '/media/mikelap/DATA/GitRepos/robotics/robot_ws/src/mobile_manipulator_ws/build/mobile_base_description': CMAKE_PREFIX_PATH=${CMAKE_PREFIX_PATH}:/opt/ros/humble PS1=(robotics) \[\033]0;\u:${NEW_PWD}\007\]\n\[\033[0;1;97;44m\] \u \[\033[0;34;104m\]\[\033[0;1;97;104m\] \h \[\033[0;94;107m\]\[\033[0;90;1;107m\] ${NEW_PWD} \[\033[0;97;49m\]\[\033[1;38;5;74m\] VIRTUAL_ENV_PROMPT=(robotics) /usr/bin/cmake --install /media/mikelap/DATA/GitRepos/robotics/robot_ws/src/mobile_manipulator_ws/build/mobile_base_description
[2.657s] Level 1:colcon.colcon_core.environment:create_environment_scripts_only(mobile_base_description)
[2.657s] DEBUG:colcon.colcon_core.event_handler.log_command:Invoked command in '/media/mikelap/DATA/GitRepos/robotics/robot_ws/src/mobile_manipulator_ws/build/mobile_base_description' returned '0': CMAKE_PREFIX_PATH=${CMAKE_PREFIX_PATH}:/opt/ros/humble PS1=(robotics) \[\033]0;\u:${NEW_PWD}\007\]\n\[\033[0;1;97;44m\] \u \[\033[0;34;104m\]\[\033[0;1;97;104m\] \h \[\033[0;94;107m\]\[\033[0;90;1;107m\] ${NEW_PWD} \[\033[0;97;49m\]\[\033[1;38;5;74m\] VIRTUAL_ENV_PROMPT=(robotics) /usr/bin/cmake --install /media/mikelap/DATA/GitRepos/robotics/robot_ws/src/mobile_manipulator_ws/build/mobile_base_description
[2.681s] Level 1:colcon.colcon_core.environment:checking '/media/mikelap/DATA/GitRepos/robotics/robot_ws/src/mobile_manipulator_ws/install/mobile_base_description' for CMake module files
[2.681s] Level 1:colcon.colcon_core.environment:checking '/media/mikelap/DATA/GitRepos/robotics/robot_ws/src/mobile_manipulator_ws/install/mobile_base_description' for CMake config files
[2.681s] Level 1:colcon.colcon_core.shell:create_environment_hook('mobile_base_description', 'cmake_prefix_path')
[2.701s] INFO:colcon.colcon_core.shell:Creating environment hook '/media/mikelap/DATA/GitRepos/robotics/robot_ws/src/mobile_manipulator_ws/install/mobile_base_description/share/mobile_base_description/hook/cmake_prefix_path.ps1'
[2.701s] INFO:colcon.colcon_core.shell:Creating environment descriptor '/media/mikelap/DATA/GitRepos/robotics/robot_ws/src/mobile_manipulator_ws/install/mobile_base_description/share/mobile_base_description/hook/cmake_prefix_path.dsv'
[2.702s] INFO:colcon.colcon_core.shell:Creating environment hook '/media/mikelap/DATA/GitRepos/robotics/robot_ws/src/mobile_manipulator_ws/install/mobile_base_description/share/mobile_base_description/hook/cmake_prefix_path.sh'
[2.703s] Level 1:colcon.colcon_core.environment:checking '/media/mikelap/DATA/GitRepos/robotics/robot_ws/src/mobile_manipulator_ws/install/mobile_base_description/bin'
[2.703s] Level 1:colcon.colcon_core.environment:checking '/media/mikelap/DATA/GitRepos/robotics/robot_ws/src/mobile_manipulator_ws/install/mobile_base_description/lib/pkgconfig/mobile_base_description.pc'
[2.703s] Level 1:colcon.colcon_core.environment:checking '/media/mikelap/DATA/GitRepos/robotics/robot_ws/src/mobile_manipulator_ws/install/mobile_base_description/lib/python3.10/site-packages'
[2.703s] Level 1:colcon.colcon_core.environment:checking '/media/mikelap/DATA/GitRepos/robotics/robot_ws/src/mobile_manipulator_ws/install/mobile_base_description/bin'
[2.723s] INFO:colcon.colcon_core.shell:Creating package script '/media/mikelap/DATA/GitRepos/robotics/robot_ws/src/mobile_manipulator_ws/install/mobile_base_description/share/mobile_base_description/package.ps1'
[2.724s] INFO:colcon.colcon_core.shell:Creating package descriptor '/media/mikelap/DATA/GitRepos/robotics/robot_ws/src/mobile_manipulator_ws/install/mobile_base_description/share/mobile_base_description/package.dsv'
[2.724s] INFO:colcon.colcon_core.shell:Creating package script '/media/mikelap/DATA/GitRepos/robotics/robot_ws/src/mobile_manipulator_ws/install/mobile_base_description/share/mobile_base_description/package.sh'
[2.725s] INFO:colcon.colcon_core.shell:Creating package script '/media/mikelap/DATA/GitRepos/robotics/robot_ws/src/mobile_manipulator_ws/install/mobile_base_description/share/mobile_base_description/package.bash'
[2.726s] INFO:colcon.colcon_core.shell:Creating package script '/media/mikelap/DATA/GitRepos/robotics/robot_ws/src/mobile_manipulator_ws/install/mobile_base_description/share/mobile_base_description/package.zsh'
[2.726s] Level 1:colcon.colcon_core.environment:create_file_with_runtime_dependencies(/media/mikelap/DATA/GitRepos/robotics/robot_ws/src/mobile_manipulator_ws/install/mobile_base_description/share/colcon-core/packages/mobile_base_description)
[2.768s] Level 1:colcon.colcon_core.environment:create_environment_scripts_only(mobile_base_description)
[2.788s] Level 1:colcon.colcon_core.environment:checking '/media/mikelap/DATA/GitRepos/robotics/robot_ws/src/mobile_manipulator_ws/install/mobile_base_description' for CMake module files
[2.788s] Level 1:colcon.colcon_core.environment:checking '/media/mikelap/DATA/GitRepos/robotics/robot_ws/src/mobile_manipulator_ws/install/mobile_base_description' for CMake config files
[2.789s] Level 1:colcon.colcon_core.shell:create_environment_hook('mobile_base_description', 'cmake_prefix_path')
[2.808s] INFO:colcon.colcon_core.shell:Creating environment hook '/media/mikelap/DATA/GitRepos/robotics/robot_ws/src/mobile_manipulator_ws/install/mobile_base_description/share/mobile_base_description/hook/cmake_prefix_path.ps1'
[2.809s] INFO:colcon.colcon_core.shell:Creating environment descriptor '/media/mikelap/DATA/GitRepos/robotics/robot_ws/src/mobile_manipulator_ws/install/mobile_base_description/share/mobile_base_description/hook/cmake_prefix_path.dsv'
[2.809s] INFO:colcon.colcon_core.shell:Creating environment hook '/media/mikelap/DATA/GitRepos/robotics/robot_ws/src/mobile_manipulator_ws/install/mobile_base_description/share/mobile_base_description/hook/cmake_prefix_path.sh'
[2.809s] Level 1:colcon.colcon_core.environment:checking '/media/mikelap/DATA/GitRepos/robotics/robot_ws/src/mobile_manipulator_ws/install/mobile_base_description/bin'
[2.809s] Level 1:colcon.colcon_core.environment:checking '/media/mikelap/DATA/GitRepos/robotics/robot_ws/src/mobile_manipulator_ws/install/mobile_base_description/lib/pkgconfig/mobile_base_description.pc'
[2.810s] Level 1:colcon.colcon_core.environment:checking '/media/mikelap/DATA/GitRepos/robotics/robot_ws/src/mobile_manipulator_ws/install/mobile_base_description/lib/python3.10/site-packages'
[2.810s] Level 1:colcon.colcon_core.environment:checking '/media/mikelap/DATA/GitRepos/robotics/robot_ws/src/mobile_manipulator_ws/install/mobile_base_description/bin'
[2.831s] INFO:colcon.colcon_core.shell:Creating package script '/media/mikelap/DATA/GitRepos/robotics/robot_ws/src/mobile_manipulator_ws/install/mobile_base_description/share/mobile_base_description/package.ps1'
[2.831s] INFO:colcon.colcon_core.shell:Creating package descriptor '/media/mikelap/DATA/GitRepos/robotics/robot_ws/src/mobile_manipulator_ws/install/mobile_base_description/share/mobile_base_description/package.dsv'
[2.832s] INFO:colcon.colcon_core.shell:Creating package script '/media/mikelap/DATA/GitRepos/robotics/robot_ws/src/mobile_manipulator_ws/install/mobile_base_description/share/mobile_base_description/package.sh'
[2.832s] INFO:colcon.colcon_core.shell:Creating package script '/media/mikelap/DATA/GitRepos/robotics/robot_ws/src/mobile_manipulator_ws/install/mobile_base_description/share/mobile_base_description/package.bash'
[2.833s] INFO:colcon.colcon_core.shell:Creating package script '/media/mikelap/DATA/GitRepos/robotics/robot_ws/src/mobile_manipulator_ws/install/mobile_base_description/share/mobile_base_description/package.zsh'
[2.833s] Level 1:colcon.colcon_core.environment:create_file_with_runtime_dependencies(/media/mikelap/DATA/GitRepos/robotics/robot_ws/src/mobile_manipulator_ws/install/mobile_base_description/share/colcon-core/packages/mobile_base_description)
[2.833s] INFO:colcon.colcon_ros.task.ament_cmake.build:Building ROS package in '/media/mikelap/DATA/GitRepos/robotics/robot_ws/src/mobile_manipulator_ws/src/mobile_base/mobile_base_bringup' with build type 'ament_cmake'
[2.833s] INFO:colcon.colcon_cmake.task.cmake.build:Building CMake package in '/media/mikelap/DATA/GitRepos/robotics/robot_ws/src/mobile_manipulator_ws/src/mobile_base/mobile_base_bringup'
[2.856s] INFO:colcon.colcon_core.shell:Skip shell extension 'powershell' for command environment: Not usable outside of PowerShell
[2.856s] DEBUG:colcon.colcon_core.shell:Skip shell extension 'dsv' for command environment
[2.918s] INFO:colcon.colcon_ros.task.ament_cmake.build:Building ROS package in '/media/mikelap/DATA/GitRepos/robotics/robot_ws/src/mobile_manipulator_ws/src/mobile_base/mobile_base_gazebo' with build type 'ament_cmake'
[2.918s] INFO:colcon.colcon_cmake.task.cmake.build:Building CMake package in '/media/mikelap/DATA/GitRepos/robotics/robot_ws/src/mobile_manipulator_ws/src/mobile_base/mobile_base_gazebo'
[2.940s] INFO:colcon.colcon_core.shell:Skip shell extension 'powershell' for command environment: Not usable outside of PowerShell
[2.940s] DEBUG:colcon.colcon_core.shell:Skip shell extension 'dsv' for command environment
[3.008s] DEBUG:colcon.colcon_core.event_handler.log_command:Invoking command in '/media/mikelap/DATA/GitRepos/robotics/robot_ws/src/mobile_manipulator_ws/build/mobile_base_bringup': CMAKE_PREFIX_PATH=/media/mikelap/DATA/GitRepos/robotics/robot_ws/src/mobile_manipulator_ws/install/mobile_base_description:/media/mikelap/DATA/GitRepos/robotics/robot_ws/src/mobile_manipulator_ws/install/mobile_base_gazebo:/media/mikelap/DATA/GitRepos/robotics/robot_ws/src/mobile_manipulator_ws/install/mobile_base_bringup:/media/mikelap/DATA/GitRepos/robotics/robot_ws/install/mobile_base_gazebo:/media/mikelap/DATA/GitRepos/robotics/robot_ws/install/mobile_base_bringup:/media/mikelap/DATA/GitRepos/robotics/robot_ws/install/mobile_base_description:/opt/ros/humble PS1=(robotics) \[\033]0;\u:${NEW_PWD}\007\]\n\[\033[0;1;97;44m\] \u \[\033[0;34;104m\]\[\033[0;1;97;104m\] \h \[\033[0;94;107m\]\[\033[0;90;1;107m\] ${NEW_PWD} \[\033[0;97;49m\]\[\033[1;38;5;74m\] VIRTUAL_ENV_PROMPT=(robotics) /usr/bin/cmake /media/mikelap/DATA/GitRepos/robotics/robot_ws/src/mobile_manipulator_ws/src/mobile_base/mobile_base_bringup -DCMAKE_INSTALL_PREFIX=/media/mikelap/DATA/GitRepos/robotics/robot_ws/src/mobile_manipulator_ws/install/mobile_base_bringup
[3.010s] DEBUG:colcon.colcon_core.event_handler.log_command:Invoking command in '/media/mikelap/DATA/GitRepos/robotics/robot_ws/src/mobile_manipulator_ws/build/mobile_base_gazebo': CMAKE_PREFIX_PATH=/media/mikelap/DATA/GitRepos/robotics/robot_ws/src/mobile_manipulator_ws/install/mobile_base_description:/media/mikelap/DATA/GitRepos/robotics/robot_ws/src/mobile_manipulator_ws/install/mobile_base_gazebo:/media/mikelap/DATA/GitRepos/robotics/robot_ws/src/mobile_manipulator_ws/install/mobile_base_bringup:/media/mikelap/DATA/GitRepos/robotics/robot_ws/install/mobile_base_gazebo:/media/mikelap/DATA/GitRepos/robotics/robot_ws/install/mobile_base_bringup:/media/mikelap/DATA/GitRepos/robotics/robot_ws/install/mobile_base_description:/opt/ros/humble PS1=(robotics) \[\033]0;\u:${NEW_PWD}\007\]\n\[\033[0;1;97;44m\] \u \[\033[0;34;104m\]\[\033[0;1;97;104m\] \h \[\033[0;94;107m\]\[\033[0;90;1;107m\] ${NEW_PWD} \[\033[0;97;49m\]\[\033[1;38;5;74m\] VIRTUAL_ENV_PROMPT=(robotics) /usr/bin/cmake /media/mikelap/DATA/GitRepos/robotics/robot_ws/src/mobile_manipulator_ws/src/mobile_base/mobile_base_gazebo -DCMAKE_INSTALL_PREFIX=/media/mikelap/DATA/GitRepos/robotics/robot_ws/src/mobile_manipulator_ws/install/mobile_base_gazebo
[3.673s] DEBUG:colcon.colcon_core.event_handler.log_command:Invoked command in '/media/mikelap/DATA/GitRepos/robotics/robot_ws/src/mobile_manipulator_ws/build/mobile_base_gazebo' returned '0': CMAKE_PREFIX_PATH=/media/mikelap/DATA/GitRepos/robotics/robot_ws/src/mobile_manipulator_ws/install/mobile_base_description:/media/mikelap/DATA/GitRepos/robotics/robot_ws/src/mobile_manipulator_ws/install/mobile_base_gazebo:/media/mikelap/DATA/GitRepos/robotics/robot_ws/src/mobile_manipulator_ws/install/mobile_base_bringup:/media/mikelap/DATA/GitRepos/robotics/robot_ws/install/mobile_base_gazebo:/media/mikelap/DATA/GitRepos/robotics/robot_ws/install/mobile_base_bringup:/media/mikelap/DATA/GitRepos/robotics/robot_ws/install/mobile_base_description:/opt/ros/humble PS1=(robotics) \[\033]0;\u:${NEW_PWD}\007\]\n\[\033[0;1;97;44m\] \u \[\033[0;34;104m\]\[\033[0;1;97;104m\] \h \[\033[0;94;107m\]\[\033[0;90;1;107m\] ${NEW_PWD} \[\033[0;97;49m\]\[\033[1;38;5;74m\] VIRTUAL_ENV_PROMPT=(robotics) /usr/bin/cmake /media/mikelap/DATA/GitRepos/robotics/robot_ws/src/mobile_manipulator_ws/src/mobile_base/mobile_base_gazebo -DCMAKE_INSTALL_PREFIX=/media/mikelap/DATA/GitRepos/robotics/robot_ws/src/mobile_manipulator_ws/install/mobile_base_gazebo
[3.675s] DEBUG:colcon.colcon_core.event_handler.log_command:Invoking command in '/media/mikelap/DATA/GitRepos/robotics/robot_ws/src/mobile_manipulator_ws/build/mobile_base_gazebo': CMAKE_PREFIX_PATH=/media/mikelap/DATA/GitRepos/robotics/robot_ws/src/mobile_manipulator_ws/install/mobile_base_description:/media/mikelap/DATA/GitRepos/robotics/robot_ws/src/mobile_manipulator_ws/install/mobile_base_gazebo:/media/mikelap/DATA/GitRepos/robotics/robot_ws/src/mobile_manipulator_ws/install/mobile_base_bringup:/media/mikelap/DATA/GitRepos/robotics/robot_ws/install/mobile_base_gazebo:/media/mikelap/DATA/GitRepos/robotics/robot_ws/install/mobile_base_bringup:/media/mikelap/DATA/GitRepos/robotics/robot_ws/install/mobile_base_description:/opt/ros/humble PS1=(robotics) \[\033]0;\u:${NEW_PWD}\007\]\n\[\033[0;1;97;44m\] \u \[\033[0;34;104m\]\[\033[0;1;97;104m\] \h \[\033[0;94;107m\]\[\033[0;90;1;107m\] ${NEW_PWD} \[\033[0;97;49m\]\[\033[1;38;5;74m\] VIRTUAL_ENV_PROMPT=(robotics) /usr/bin/cmake --build /media/mikelap/DATA/GitRepos/robotics/robot_ws/src/mobile_manipulator_ws/build/mobile_base_gazebo -- -j8 -l8
[3.714s] DEBUG:colcon.colcon_core.event_handler.log_command:Invoked command in '/media/mikelap/DATA/GitRepos/robotics/robot_ws/src/mobile_manipulator_ws/build/mobile_base_gazebo' returned '0': CMAKE_PREFIX_PATH=/media/mikelap/DATA/GitRepos/robotics/robot_ws/src/mobile_manipulator_ws/install/mobile_base_description:/media/mikelap/DATA/GitRepos/robotics/robot_ws/src/mobile_manipulator_ws/install/mobile_base_gazebo:/media/mikelap/DATA/GitRepos/robotics/robot_ws/src/mobile_manipulator_ws/install/mobile_base_bringup:/media/mikelap/DATA/GitRepos/robotics/robot_ws/install/mobile_base_gazebo:/media/mikelap/DATA/GitRepos/robotics/robot_ws/install/mobile_base_bringup:/media/mikelap/DATA/GitRepos/robotics/robot_ws/install/mobile_base_description:/opt/ros/humble PS1=(robotics) \[\033]0;\u:${NEW_PWD}\007\]\n\[\033[0;1;97;44m\] \u \[\033[0;34;104m\]\[\033[0;1;97;104m\] \h \[\033[0;94;107m\]\[\033[0;90;1;107m\] ${NEW_PWD} \[\033[0;97;49m\]\[\033[1;38;5;74m\] VIRTUAL_ENV_PROMPT=(robotics) /usr/bin/cmake --build /media/mikelap/DATA/GitRepos/robotics/robot_ws/src/mobile_manipulator_ws/build/mobile_base_gazebo -- -j8 -l8
[3.738s] DEBUG:colcon.colcon_core.event_handler.log_command:Invoking command in '/media/mikelap/DATA/GitRepos/robotics/robot_ws/src/mobile_manipulator_ws/build/mobile_base_gazebo': CMAKE_PREFIX_PATH=/media/mikelap/DATA/GitRepos/robotics/robot_ws/src/mobile_manipulator_ws/install/mobile_base_description:/media/mikelap/DATA/GitRepos/robotics/robot_ws/src/mobile_manipulator_ws/install/mobile_base_gazebo:/media/mikelap/DATA/GitRepos/robotics/robot_ws/src/mobile_manipulator_ws/install/mobile_base_bringup:/media/mikelap/DATA/GitRepos/robotics/robot_ws/install/mobile_base_gazebo:/media/mikelap/DATA/GitRepos/robotics/robot_ws/install/mobile_base_bringup:/media/mikelap/DATA/GitRepos/robotics/robot_ws/install/mobile_base_description:/opt/ros/humble PS1=(robotics) \[\033]0;\u:${NEW_PWD}\007\]\n\[\033[0;1;97;44m\] \u \[\033[0;34;104m\]\[\033[0;1;97;104m\] \h \[\033[0;94;107m\]\[\033[0;90;1;107m\] ${NEW_PWD} \[\033[0;97;49m\]\[\033[1;38;5;74m\] VIRTUAL_ENV_PROMPT=(robotics) /usr/bin/cmake --install /media/mikelap/DATA/GitRepos/robotics/robot_ws/src/mobile_manipulator_ws/build/mobile_base_gazebo
[3.754s] Level 1:colcon.colcon_core.environment:create_environment_scripts_only(mobile_base_gazebo)
[3.755s] DEBUG:colcon.colcon_core.event_handler.log_command:Invoked command in '/media/mikelap/DATA/GitRepos/robotics/robot_ws/src/mobile_manipulator_ws/build/mobile_base_gazebo' returned '0': CMAKE_PREFIX_PATH=/media/mikelap/DATA/GitRepos/robotics/robot_ws/src/mobile_manipulator_ws/install/mobile_base_description:/media/mikelap/DATA/GitRepos/robotics/robot_ws/src/mobile_manipulator_ws/install/mobile_base_gazebo:/media/mikelap/DATA/GitRepos/robotics/robot_ws/src/mobile_manipulator_ws/install/mobile_base_bringup:/media/mikelap/DATA/GitRepos/robotics/robot_ws/install/mobile_base_gazebo:/media/mikelap/DATA/GitRepos/robotics/robot_ws/install/mobile_base_bringup:/media/mikelap/DATA/GitRepos/robotics/robot_ws/install/mobile_base_description:/opt/ros/humble PS1=(robotics) \[\033]0;\u:${NEW_PWD}\007\]\n\[\033[0;1;97;44m\] \u \[\033[0;34;104m\]\[\033[0;1;97;104m\] \h \[\033[0;94;107m\]\[\033[0;90;1;107m\] ${NEW_PWD} \[\033[0;97;49m\]\[\033[1;38;5;74m\] VIRTUAL_ENV_PROMPT=(robotics) /usr/bin/cmake --install /media/mikelap/DATA/GitRepos/robotics/robot_ws/src/mobile_manipulator_ws/build/mobile_base_gazebo
[3.786s] Level 1:colcon.colcon_core.environment:checking '/media/mikelap/DATA/GitRepos/robotics/robot_ws/src/mobile_manipulator_ws/install/mobile_base_gazebo' for CMake module files
[3.786s] Level 1:colcon.colcon_core.environment:checking '/media/mikelap/DATA/GitRepos/robotics/robot_ws/src/mobile_manipulator_ws/install/mobile_base_gazebo' for CMake config files
[3.787s] Level 1:colcon.colcon_core.shell:create_environment_hook('mobile_base_gazebo', 'cmake_prefix_path')
[3.807s] INFO:colcon.colcon_core.shell:Creating environment hook '/media/mikelap/DATA/GitRepos/robotics/robot_ws/src/mobile_manipulator_ws/install/mobile_base_gazebo/share/mobile_base_gazebo/hook/cmake_prefix_path.ps1'
[3.807s] INFO:colcon.colcon_core.shell:Creating environment descriptor '/media/mikelap/DATA/GitRepos/robotics/robot_ws/src/mobile_manipulator_ws/install/mobile_base_gazebo/share/mobile_base_gazebo/hook/cmake_prefix_path.dsv'
[3.808s] INFO:colcon.colcon_core.shell:Creating environment hook '/media/mikelap/DATA/GitRepos/robotics/robot_ws/src/mobile_manipulator_ws/install/mobile_base_gazebo/share/mobile_base_gazebo/hook/cmake_prefix_path.sh'
[3.808s] Level 1:colcon.colcon_core.environment:checking '/media/mikelap/DATA/GitRepos/robotics/robot_ws/src/mobile_manipulator_ws/install/mobile_base_gazebo/bin'
[3.808s] Level 1:colcon.colcon_core.environment:checking '/media/mikelap/DATA/GitRepos/robotics/robot_ws/src/mobile_manipulator_ws/install/mobile_base_gazebo/lib/pkgconfig/mobile_base_gazebo.pc'
[3.809s] Level 1:colcon.colcon_core.environment:checking '/media/mikelap/DATA/GitRepos/robotics/robot_ws/src/mobile_manipulator_ws/install/mobile_base_gazebo/lib/python3.10/site-packages'
[3.809s] Level 1:colcon.colcon_core.environment:checking '/media/mikelap/DATA/GitRepos/robotics/robot_ws/src/mobile_manipulator_ws/install/mobile_base_gazebo/bin'
[3.830s] INFO:colcon.colcon_core.shell:Creating package script '/media/mikelap/DATA/GitRepos/robotics/robot_ws/src/mobile_manipulator_ws/install/mobile_base_gazebo/share/mobile_base_gazebo/package.ps1'
[3.831s] INFO:colcon.colcon_core.shell:Creating package descriptor '/media/mikelap/DATA/GitRepos/robotics/robot_ws/src/mobile_manipulator_ws/install/mobile_base_gazebo/share/mobile_base_gazebo/package.dsv'
[3.831s] INFO:colcon.colcon_core.shell:Creating package script '/media/mikelap/DATA/GitRepos/robotics/robot_ws/src/mobile_manipulator_ws/install/mobile_base_gazebo/share/mobile_base_gazebo/package.sh'
[3.832s] INFO:colcon.colcon_core.shell:Creating package script '/media/mikelap/DATA/GitRepos/robotics/robot_ws/src/mobile_manipulator_ws/install/mobile_base_gazebo/share/mobile_base_gazebo/package.bash'
[3.832s] INFO:colcon.colcon_core.shell:Creating package script '/media/mikelap/DATA/GitRepos/robotics/robot_ws/src/mobile_manipulator_ws/install/mobile_base_gazebo/share/mobile_base_gazebo/package.zsh'
[3.832s] Level 1:colcon.colcon_core.environment:create_file_with_runtime_dependencies(/media/mikelap/DATA/GitRepos/robotics/robot_ws/src/mobile_manipulator_ws/install/mobile_base_gazebo/share/colcon-core/packages/mobile_base_gazebo)
[3.876s] Level 1:colcon.colcon_core.environment:create_environment_scripts_only(mobile_base_gazebo)
[3.897s] Level 1:colcon.colcon_core.environment:checking '/media/mikelap/DATA/GitRepos/robotics/robot_ws/src/mobile_manipulator_ws/install/mobile_base_gazebo' for CMake module files
[3.898s] Level 1:colcon.colcon_core.environment:checking '/media/mikelap/DATA/GitRepos/robotics/robot_ws/src/mobile_manipulator_ws/install/mobile_base_gazebo' for CMake config files
[3.898s] Level 1:colcon.colcon_core.shell:create_environment_hook('mobile_base_gazebo', 'cmake_prefix_path')
[3.919s] INFO:colcon.colcon_core.shell:Creating environment hook '/media/mikelap/DATA/GitRepos/robotics/robot_ws/src/mobile_manipulator_ws/install/mobile_base_gazebo/share/mobile_base_gazebo/hook/cmake_prefix_path.ps1'
[3.920s] INFO:colcon.colcon_core.shell:Creating environment descriptor '/media/mikelap/DATA/GitRepos/robotics/robot_ws/src/mobile_manipulator_ws/install/mobile_base_gazebo/share/mobile_base_gazebo/hook/cmake_prefix_path.dsv'
[3.920s] INFO:colcon.colcon_core.shell:Creating environment hook '/media/mikelap/DATA/GitRepos/robotics/robot_ws/src/mobile_manipulator_ws/install/mobile_base_gazebo/share/mobile_base_gazebo/hook/cmake_prefix_path.sh'
[3.921s] Level 1:colcon.colcon_core.environment:checking '/media/mikelap/DATA/GitRepos/robotics/robot_ws/src/mobile_manipulator_ws/install/mobile_base_gazebo/bin'
[3.921s] Level 1:colcon.colcon_core.environment:checking '/media/mikelap/DATA/GitRepos/robotics/robot_ws/src/mobile_manipulator_ws/install/mobile_base_gazebo/lib/pkgconfig/mobile_base_gazebo.pc'
[3.921s] Level 1:colcon.colcon_core.environment:checking '/media/mikelap/DATA/GitRepos/robotics/robot_ws/src/mobile_manipulator_ws/install/mobile_base_gazebo/lib/python3.10/site-packages'
[3.921s] Level 1:colcon.colcon_core.environment:checking '/media/mikelap/DATA/GitRepos/robotics/robot_ws/src/mobile_manipulator_ws/install/mobile_base_gazebo/bin'
[3.943s] INFO:colcon.colcon_core.shell:Creating package script '/media/mikelap/DATA/GitRepos/robotics/robot_ws/src/mobile_manipulator_ws/install/mobile_base_gazebo/share/mobile_base_gazebo/package.ps1'
[3.943s] INFO:colcon.colcon_core.shell:Creating package descriptor '/media/mikelap/DATA/GitRepos/robotics/robot_ws/src/mobile_manipulator_ws/install/mobile_base_gazebo/share/mobile_base_gazebo/package.dsv'
[3.944s] INFO:colcon.colcon_core.shell:Creating package script '/media/mikelap/DATA/GitRepos/robotics/robot_ws/src/mobile_manipulator_ws/install/mobile_base_gazebo/share/mobile_base_gazebo/package.sh'
[3.944s] INFO:colcon.colcon_core.shell:Creating package script '/media/mikelap/DATA/GitRepos/robotics/robot_ws/src/mobile_manipulator_ws/install/mobile_base_gazebo/share/mobile_base_gazebo/package.bash'
[3.945s] INFO:colcon.colcon_core.shell:Creating package script '/media/mikelap/DATA/GitRepos/robotics/robot_ws/src/mobile_manipulator_ws/install/mobile_base_gazebo/share/mobile_base_gazebo/package.zsh'
[3.945s] Level 1:colcon.colcon_core.environment:create_file_with_runtime_dependencies(/media/mikelap/DATA/GitRepos/robotics/robot_ws/src/mobile_manipulator_ws/install/mobile_base_gazebo/share/colcon-core/packages/mobile_base_gazebo)
[4.522s] DEBUG:colcon.colcon_core.event_handler.log_command:Invoked command in '/media/mikelap/DATA/GitRepos/robotics/robot_ws/src/mobile_manipulator_ws/build/mobile_base_bringup' returned '0': CMAKE_PREFIX_PATH=/media/mikelap/DATA/GitRepos/robotics/robot_ws/src/mobile_manipulator_ws/install/mobile_base_description:/media/mikelap/DATA/GitRepos/robotics/robot_ws/src/mobile_manipulator_ws/install/mobile_base_gazebo:/media/mikelap/DATA/GitRepos/robotics/robot_ws/src/mobile_manipulator_ws/install/mobile_base_bringup:/media/mikelap/DATA/GitRepos/robotics/robot_ws/install/mobile_base_gazebo:/media/mikelap/DATA/GitRepos/robotics/robot_ws/install/mobile_base_bringup:/media/mikelap/DATA/GitRepos/robotics/robot_ws/install/mobile_base_description:/opt/ros/humble PS1=(robotics) \[\033]0;\u:${NEW_PWD}\007\]\n\[\033[0;1;97;44m\] \u \[\033[0;34;104m\]\[\033[0;1;97;104m\] \h \[\033[0;94;107m\]\[\033[0;90;1;107m\] ${NEW_PWD} \[\033[0;97;49m\]\[\033[1;38;5;74m\] VIRTUAL_ENV_PROMPT=(robotics) /usr/bin/cmake /media/mikelap/DATA/GitRepos/robotics/robot_ws/src/mobile_manipulator_ws/src/mobile_base/mobile_base_bringup -DCMAKE_INSTALL_PREFIX=/media/mikelap/DATA/GitRepos/robotics/robot_ws/src/mobile_manipulator_ws/install/mobile_base_bringup
[4.525s] DEBUG:colcon.colcon_core.event_handler.log_command:Invoking command in '/media/mikelap/DATA/GitRepos/robotics/robot_ws/src/mobile_manipulator_ws/build/mobile_base_bringup': CMAKE_PREFIX_PATH=/media/mikelap/DATA/GitRepos/robotics/robot_ws/src/mobile_manipulator_ws/install/mobile_base_description:/media/mikelap/DATA/GitRepos/robotics/robot_ws/src/mobile_manipulator_ws/install/mobile_base_gazebo:/media/mikelap/DATA/GitRepos/robotics/robot_ws/src/mobile_manipulator_ws/install/mobile_base_bringup:/media/mikelap/DATA/GitRepos/robotics/robot_ws/install/mobile_base_gazebo:/media/mikelap/DATA/GitRepos/robotics/robot_ws/install/mobile_base_bringup:/media/mikelap/DATA/GitRepos/robotics/robot_ws/install/mobile_base_description:/opt/ros/humble PS1=(robotics) \[\033]0;\u:${NEW_PWD}\007\]\n\[\033[0;1;97;44m\] \u \[\033[0;34;104m\]\[\033[0;1;97;104m\] \h \[\033[0;94;107m\]\[\033[0;90;1;107m\] ${NEW_PWD} \[\033[0;97;49m\]\[\033[1;38;5;74m\] VIRTUAL_ENV_PROMPT=(robotics) /usr/bin/cmake --build /media/mikelap/DATA/GitRepos/robotics/robot_ws/src/mobile_manipulator_ws/build/mobile_base_bringup -- -j8 -l8
[7.506s] DEBUG:colcon.colcon_core.event_handler.log_command:Invoked command in '/media/mikelap/DATA/GitRepos/robotics/robot_ws/src/mobile_manipulator_ws/build/mobile_base_bringup' returned '0': CMAKE_PREFIX_PATH=/media/mikelap/DATA/GitRepos/robotics/robot_ws/src/mobile_manipulator_ws/install/mobile_base_description:/media/mikelap/DATA/GitRepos/robotics/robot_ws/src/mobile_manipulator_ws/install/mobile_base_gazebo:/media/mikelap/DATA/GitRepos/robotics/robot_ws/src/mobile_manipulator_ws/install/mobile_base_bringup:/media/mikelap/DATA/GitRepos/robotics/robot_ws/install/mobile_base_gazebo:/media/mikelap/DATA/GitRepos/robotics/robot_ws/install/mobile_base_bringup:/media/mikelap/DATA/GitRepos/robotics/robot_ws/install/mobile_base_description:/opt/ros/humble PS1=(robotics) \[\033]0;\u:${NEW_PWD}\007\]\n\[\033[0;1;97;44m\] \u \[\033[0;34;104m\]\[\033[0;1;97;104m\] \h \[\033[0;94;107m\]\[\033[0;90;1;107m\] ${NEW_PWD} \[\033[0;97;49m\]\[\033[1;38;5;74m\] VIRTUAL_ENV_PROMPT=(robotics) /usr/bin/cmake --build /media/mikelap/DATA/GitRepos/robotics/robot_ws/src/mobile_manipulator_ws/build/mobile_base_bringup -- -j8 -l8
[7.537s] DEBUG:colcon.colcon_core.event_handler.log_command:Invoking command in '/media/mikelap/DATA/GitRepos/robotics/robot_ws/src/mobile_manipulator_ws/build/mobile_base_bringup': CMAKE_PREFIX_PATH=/media/mikelap/DATA/GitRepos/robotics/robot_ws/src/mobile_manipulator_ws/install/mobile_base_description:/media/mikelap/DATA/GitRepos/robotics/robot_ws/src/mobile_manipulator_ws/install/mobile_base_gazebo:/media/mikelap/DATA/GitRepos/robotics/robot_ws/src/mobile_manipulator_ws/install/mobile_base_bringup:/media/mikelap/DATA/GitRepos/robotics/robot_ws/install/mobile_base_gazebo:/media/mikelap/DATA/GitRepos/robotics/robot_ws/install/mobile_base_bringup:/media/mikelap/DATA/GitRepos/robotics/robot_ws/install/mobile_base_description:/opt/ros/humble PS1=(robotics) \[\033]0;\u:${NEW_PWD}\007\]\n\[\033[0;1;97;44m\] \u \[\033[0;34;104m\]\[\033[0;1;97;104m\] \h \[\033[0;94;107m\]\[\033[0;90;1;107m\] ${NEW_PWD} \[\033[0;97;49m\]\[\033[1;38;5;74m\] VIRTUAL_ENV_PROMPT=(robotics) /usr/bin/cmake --install /media/mikelap/DATA/GitRepos/robotics/robot_ws/src/mobile_manipulator_ws/build/mobile_base_bringup
[7.588s] Level 1:colcon.colcon_core.environment:create_environment_scripts_only(mobile_base_bringup)
[7.589s] DEBUG:colcon.colcon_core.event_handler.log_command:Invoked command in '/media/mikelap/DATA/GitRepos/robotics/robot_ws/src/mobile_manipulator_ws/build/mobile_base_bringup' returned '0': CMAKE_PREFIX_PATH=/media/mikelap/DATA/GitRepos/robotics/robot_ws/src/mobile_manipulator_ws/install/mobile_base_description:/media/mikelap/DATA/GitRepos/robotics/robot_ws/src/mobile_manipulator_ws/install/mobile_base_gazebo:/media/mikelap/DATA/GitRepos/robotics/robot_ws/src/mobile_manipulator_ws/install/mobile_base_bringup:/media/mikelap/DATA/GitRepos/robotics/robot_ws/install/mobile_base_gazebo:/media/mikelap/DATA/GitRepos/robotics/robot_ws/install/mobile_base_bringup:/media/mikelap/DATA/GitRepos/robotics/robot_ws/install/mobile_base_description:/opt/ros/humble PS1=(robotics) \[\033]0;\u:${NEW_PWD}\007\]\n\[\033[0;1;97;44m\] \u \[\033[0;34;104m\]\[\033[0;1;97;104m\] \h \[\033[0;94;107m\]\[\033[0;90;1;107m\] ${NEW_PWD} \[\033[0;97;49m\]\[\033[1;38;5;74m\] VIRTUAL_ENV_PROMPT=(robotics) /usr/bin/cmake --install /media/mikelap/DATA/GitRepos/robotics/robot_ws/src/mobile_manipulator_ws/build/mobile_base_bringup
[7.610s] Level 1:colcon.colcon_core.environment:checking '/media/mikelap/DATA/GitRepos/robotics/robot_ws/src/mobile_manipulator_ws/install/mobile_base_bringup' for CMake module files
[7.610s] Level 1:colcon.colcon_core.environment:checking '/media/mikelap/DATA/GitRepos/robotics/robot_ws/src/mobile_manipulator_ws/install/mobile_base_bringup' for CMake config files
[7.610s] Level 1:colcon.colcon_core.shell:create_environment_hook('mobile_base_bringup', 'cmake_prefix_path')
[7.630s] INFO:colcon.colcon_core.shell:Creating environment hook '/media/mikelap/DATA/GitRepos/robotics/robot_ws/src/mobile_manipulator_ws/install/mobile_base_bringup/share/mobile_base_bringup/hook/cmake_prefix_path.ps1'
[7.631s] INFO:colcon.colcon_core.shell:Creating environment descriptor '/media/mikelap/DATA/GitRepos/robotics/robot_ws/src/mobile_manipulator_ws/install/mobile_base_bringup/share/mobile_base_bringup/hook/cmake_prefix_path.dsv'
[7.631s] INFO:colcon.colcon_core.shell:Creating environment hook '/media/mikelap/DATA/GitRepos/robotics/robot_ws/src/mobile_manipulator_ws/install/mobile_base_bringup/share/mobile_base_bringup/hook/cmake_prefix_path.sh'
[7.631s] Level 1:colcon.colcon_core.environment:checking '/media/mikelap/DATA/GitRepos/robotics/robot_ws/src/mobile_manipulator_ws/install/mobile_base_bringup/lib'
[7.632s] Level 1:colcon.colcon_core.environment:checking '/media/mikelap/DATA/GitRepos/robotics/robot_ws/src/mobile_manipulator_ws/install/mobile_base_bringup/bin'
[7.632s] Level 1:colcon.colcon_core.environment:checking '/media/mikelap/DATA/GitRepos/robotics/robot_ws/src/mobile_manipulator_ws/install/mobile_base_bringup/lib/pkgconfig/mobile_base_bringup.pc'
[7.632s] Level 1:colcon.colcon_core.environment:checking '/media/mikelap/DATA/GitRepos/robotics/robot_ws/src/mobile_manipulator_ws/install/mobile_base_bringup/lib/python3.10/site-packages'
[7.632s] Level 1:colcon.colcon_core.shell:create_environment_hook('mobile_base_bringup', 'pythonpath')
[7.658s] INFO:colcon.colcon_core.shell:Creating environment hook '/media/mikelap/DATA/GitRepos/robotics/robot_ws/src/mobile_manipulator_ws/install/mobile_base_bringup/share/mobile_base_bringup/hook/pythonpath.ps1'
[7.659s] INFO:colcon.colcon_core.shell:Creating environment descriptor '/media/mikelap/DATA/GitRepos/robotics/robot_ws/src/mobile_manipulator_ws/install/mobile_base_bringup/share/mobile_base_bringup/hook/pythonpath.dsv'
[7.659s] INFO:colcon.colcon_core.shell:Creating environment hook '/media/mikelap/DATA/GitRepos/robotics/robot_ws/src/mobile_manipulator_ws/install/mobile_base_bringup/share/mobile_base_bringup/hook/pythonpath.sh'
[7.659s] Level 1:colcon.colcon_core.environment:checking '/media/mikelap/DATA/GitRepos/robotics/robot_ws/src/mobile_manipulator_ws/install/mobile_base_bringup/bin'
[7.680s] INFO:colcon.colcon_core.shell:Creating package script '/media/mikelap/DATA/GitRepos/robotics/robot_ws/src/mobile_manipulator_ws/install/mobile_base_bringup/share/mobile_base_bringup/package.ps1'
[7.680s] INFO:colcon.colcon_core.shell:Creating package descriptor '/media/mikelap/DATA/GitRepos/robotics/robot_ws/src/mobile_manipulator_ws/install/mobile_base_bringup/share/mobile_base_bringup/package.dsv'
[7.681s] INFO:colcon.colcon_core.shell:Creating package script '/media/mikelap/DATA/GitRepos/robotics/robot_ws/src/mobile_manipulator_ws/install/mobile_base_bringup/share/mobile_base_bringup/package.sh'
[7.681s] INFO:colcon.colcon_core.shell:Creating package script '/media/mikelap/DATA/GitRepos/robotics/robot_ws/src/mobile_manipulator_ws/install/mobile_base_bringup/share/mobile_base_bringup/package.bash'
[7.681s] INFO:colcon.colcon_core.shell:Creating package script '/media/mikelap/DATA/GitRepos/robotics/robot_ws/src/mobile_manipulator_ws/install/mobile_base_bringup/share/mobile_base_bringup/package.zsh'
[7.682s] Level 1:colcon.colcon_core.environment:create_file_with_runtime_dependencies(/media/mikelap/DATA/GitRepos/robotics/robot_ws/src/mobile_manipulator_ws/install/mobile_base_bringup/share/colcon-core/packages/mobile_base_bringup)
[7.730s] Level 1:colcon.colcon_core.environment:create_environment_scripts_only(mobile_base_bringup)
[7.750s] Level 1:colcon.colcon_core.environment:checking '/media/mikelap/DATA/GitRepos/robotics/robot_ws/src/mobile_manipulator_ws/install/mobile_base_bringup' for CMake module files
[7.750s] Level 1:colcon.colcon_core.environment:checking '/media/mikelap/DATA/GitRepos/robotics/robot_ws/src/mobile_manipulator_ws/install/mobile_base_bringup' for CMake config files
[7.751s] Level 1:colcon.colcon_core.shell:create_environment_hook('mobile_base_bringup', 'cmake_prefix_path')
[7.772s] INFO:colcon.colcon_core.shell:Creating environment hook '/media/mikelap/DATA/GitRepos/robotics/robot_ws/src/mobile_manipulator_ws/install/mobile_base_bringup/share/mobile_base_bringup/hook/cmake_prefix_path.ps1'
[7.772s] INFO:colcon.colcon_core.shell:Creating environment descriptor '/media/mikelap/DATA/GitRepos/robotics/robot_ws/src/mobile_manipulator_ws/install/mobile_base_bringup/share/mobile_base_bringup/hook/cmake_prefix_path.dsv'
[7.772s] INFO:colcon.colcon_core.shell:Creating environment hook '/media/mikelap/DATA/GitRepos/robotics/robot_ws/src/mobile_manipulator_ws/install/mobile_base_bringup/share/mobile_base_bringup/hook/cmake_prefix_path.sh'
[7.773s] Level 1:colcon.colcon_core.environment:checking '/media/mikelap/DATA/GitRepos/robotics/robot_ws/src/mobile_manipulator_ws/install/mobile_base_bringup/lib'
[7.773s] Level 1:colcon.colcon_core.environment:checking '/media/mikelap/DATA/GitRepos/robotics/robot_ws/src/mobile_manipulator_ws/install/mobile_base_bringup/bin'
[7.773s] Level 1:colcon.colcon_core.environment:checking '/media/mikelap/DATA/GitRepos/robotics/robot_ws/src/mobile_manipulator_ws/install/mobile_base_bringup/lib/pkgconfig/mobile_base_bringup.pc'
[7.773s] Level 1:colcon.colcon_core.environment:checking '/media/mikelap/DATA/GitRepos/robotics/robot_ws/src/mobile_manipulator_ws/install/mobile_base_bringup/lib/python3.10/site-packages'
[7.773s] Level 1:colcon.colcon_core.shell:create_environment_hook('mobile_base_bringup', 'pythonpath')
[7.794s] INFO:colcon.colcon_core.shell:Creating environment hook '/media/mikelap/DATA/GitRepos/robotics/robot_ws/src/mobile_manipulator_ws/install/mobile_base_bringup/share/mobile_base_bringup/hook/pythonpath.ps1'
[7.794s] INFO:colcon.colcon_core.shell:Creating environment descriptor '/media/mikelap/DATA/GitRepos/robotics/robot_ws/src/mobile_manipulator_ws/install/mobile_base_bringup/share/mobile_base_bringup/hook/pythonpath.dsv'
[7.795s] INFO:colcon.colcon_core.shell:Creating environment hook '/media/mikelap/DATA/GitRepos/robotics/robot_ws/src/mobile_manipulator_ws/install/mobile_base_bringup/share/mobile_base_bringup/hook/pythonpath.sh'
[7.795s] Level 1:colcon.colcon_core.environment:checking '/media/mikelap/DATA/GitRepos/robotics/robot_ws/src/mobile_manipulator_ws/install/mobile_base_bringup/bin'
[7.815s] INFO:colcon.colcon_core.shell:Creating package script '/media/mikelap/DATA/GitRepos/robotics/robot_ws/src/mobile_manipulator_ws/install/mobile_base_bringup/share/mobile_base_bringup/package.ps1'
[7.816s] INFO:colcon.colcon_core.shell:Creating package descriptor '/media/mikelap/DATA/GitRepos/robotics/robot_ws/src/mobile_manipulator_ws/install/mobile_base_bringup/share/mobile_base_bringup/package.dsv'
[7.816s] INFO:colcon.colcon_core.shell:Creating package script '/media/mikelap/DATA/GitRepos/robotics/robot_ws/src/mobile_manipulator_ws/install/mobile_base_bringup/share/mobile_base_bringup/package.sh'
[7.817s] INFO:colcon.colcon_core.shell:Creating package script '/media/mikelap/DATA/GitRepos/robotics/robot_ws/src/mobile_manipulator_ws/install/mobile_base_bringup/share/mobile_base_bringup/package.bash'
[7.817s] INFO:colcon.colcon_core.shell:Creating package script '/media/mikelap/DATA/GitRepos/robotics/robot_ws/src/mobile_manipulator_ws/install/mobile_base_bringup/share/mobile_base_bringup/package.zsh'
[7.817s] Level 1:colcon.colcon_core.environment:create_file_with_runtime_dependencies(/media/mikelap/DATA/GitRepos/robotics/robot_ws/src/mobile_manipulator_ws/install/mobile_base_bringup/share/colcon-core/packages/mobile_base_bringup)
[7.818s] DEBUG:colcon.colcon_parallel_executor.executor.parallel:closing loop
[7.818s] DEBUG:colcon.colcon_parallel_executor.executor.parallel:loop closed
[7.818s] DEBUG:colcon.colcon_parallel_executor.executor.parallel:run_until_complete finished with '0'
[7.818s] DEBUG:colcon.colcon_core.event_reactor:joining thread
[7.846s] INFO:colcon.colcon_core.plugin_system:Skipping extension 'colcon_notification.desktop_notification.terminal_notifier': Not used on non-Darwin systems
[7.846s] INFO:colcon.colcon_core.plugin_system:Skipping extension 'colcon_notification.desktop_notification.win32': Not used on non-Windows systems
[7.847s] INFO:colcon.colcon_notification.desktop_notification:Sending desktop notification using 'notify2'
[7.859s] DEBUG:colcon.colcon_core.event_reactor:joined thread
[7.895s] INFO:colcon.colcon_core.shell:Creating prefix script '/media/mikelap/DATA/GitRepos/robotics/robot_ws/src/mobile_manipulator_ws/install/local_setup.ps1'
[7.896s] INFO:colcon.colcon_core.shell:Creating prefix util module '/media/mikelap/DATA/GitRepos/robotics/robot_ws/src/mobile_manipulator_ws/install/_local_setup_util_ps1.py'
[7.897s] INFO:colcon.colcon_core.shell:Creating prefix chain script '/media/mikelap/DATA/GitRepos/robotics/robot_ws/src/mobile_manipulator_ws/install/setup.ps1'
[7.919s] INFO:colcon.colcon_core.shell:Creating prefix script '/media/mikelap/DATA/GitRepos/robotics/robot_ws/src/mobile_manipulator_ws/install/local_setup.sh'
[7.920s] INFO:colcon.colcon_core.shell:Creating prefix util module '/media/mikelap/DATA/GitRepos/robotics/robot_ws/src/mobile_manipulator_ws/install/_local_setup_util_sh.py'
[7.920s] INFO:colcon.colcon_core.shell:Creating prefix chain script '/media/mikelap/DATA/GitRepos/robotics/robot_ws/src/mobile_manipulator_ws/install/setup.sh'
[7.941s] INFO:colcon.colcon_core.shell:Creating prefix script '/media/mikelap/DATA/GitRepos/robotics/robot_ws/src/mobile_manipulator_ws/install/local_setup.bash'
[7.942s] INFO:colcon.colcon_core.shell:Creating prefix chain script '/media/mikelap/DATA/GitRepos/robotics/robot_ws/src/mobile_manipulator_ws/install/setup.bash'
[7.963s] INFO:colcon.colcon_core.shell:Creating prefix script '/media/mikelap/DATA/GitRepos/robotics/robot_ws/src/mobile_manipulator_ws/install/local_setup.zsh'
[7.964s] INFO:colcon.colcon_core.shell:Creating prefix chain script '/media/mikelap/DATA/GitRepos/robotics/robot_ws/src/mobile_manipulator_ws/install/setup.zsh'
