[0.091s] Invoking command in '/media/mikelap/DATA/GitRepos/robotics/robot_ws/src/mobile_manipulator_ws/build/mobile_base_gazebo': CMAKE_PREFIX_PATH=/media/mikelap/DATA/GitRepos/robotics/robot_ws/src/mobile_manipulator_ws/install/mobile_base_description:/media/mikelap/DATA/GitRepos/robotics/robot_ws/src/mobile_manipulator_ws/install/mobile_base_gazebo:/media/mikelap/DATA/GitRepos/robotics/robot_ws/src/mobile_manipulator_ws/install/mobile_base_bringup:/media/mikelap/DATA/GitRepos/robotics/robot_ws/install/mobile_base_gazebo:/media/mikelap/DATA/GitRepos/robotics/robot_ws/install/mobile_base_bringup:/media/mikelap/DATA/GitRepos/robotics/robot_ws/install/mobile_base_description:/opt/ros/humble PS1=(robotics) \[\033]0;\u:${NEW_PWD}\007\]\n\[\033[0;1;97;44m\] \u \[\033[0;34;104m\]\[\033[0;1;97;104m\] \h \[\033[0;94;107m\]\[\033[0;90;1;107m\] ${NEW_PWD} \[\033[0;97;49m\]\[\033[1;38;5;74m\] VIRTUAL_ENV_PROMPT=(robotics) /usr/bin/cmake /media/mikelap/DATA/GitRepos/robotics/robot_ws/src/mobile_manipulator_ws/src/mobile_base/mobile_base_gazebo -DCMAKE_INSTALL_PREFIX=/media/mikelap/DATA/GitRepos/robotics/robot_ws/src/mobile_manipulator_ws/install/mobile_base_gazebo
[0.145s] -- The C compiler identification is GNU 11.4.0
[0.201s] -- The CXX compiler identification is GNU 11.4.0
[0.209s] -- Detecting C compiler ABI info
[0.279s] -- Detecting C compiler ABI info - done
[0.294s] -- Check for working C compiler: /usr/bin/cc - skipped
[0.295s] -- Detecting C compile features
[0.296s] -- Detecting C compile features - done
[0.301s] -- Detecting CXX compiler ABI info
[0.386s] -- Detecting CXX compiler ABI info - done
[0.394s] -- Check for working CXX compiler: /usr/bin/c++ - skipped
[0.394s] -- Detecting CXX compile features
[0.395s] -- Detecting CXX compile features - done
[0.397s] -- Found ament_cmake: 1.3.5 (/opt/ros/humble/share/ament_cmake/cmake)
[0.544s] -- Found Python3: /media/mikelap/DATA/Development/python/virtualenvs/robotics/bin/python3.10 (found version "3.10.12") found components: Interpreter 
[0.636s] -- Found ament_lint_auto: 0.12.8 (/opt/ros/humble/share/ament_lint_auto/cmake)
[0.737s] -- Added test 'copyright' to check source files copyright and LICENSE
[0.740s] -- Added test 'flake8' to check Python code syntax and style conventions
[0.741s] -- Added test 'lint_cmake' to check CMake code style
[0.742s] -- Added test 'pep257' to check Python code against some of the docstring style conventions in PEP 257
[0.744s] -- Added test 'xmllint' to check XML markup files
[0.745s] -- Configuring done
[0.749s] -- Generating done
[0.750s] -- Build files have been written to: /media/mikelap/DATA/GitRepos/robotics/robot_ws/src/mobile_manipulator_ws/build/mobile_base_gazebo
[0.755s] Invoked command in '/media/mikelap/DATA/GitRepos/robotics/robot_ws/src/mobile_manipulator_ws/build/mobile_base_gazebo' returned '0': CMAKE_PREFIX_PATH=/media/mikelap/DATA/GitRepos/robotics/robot_ws/src/mobile_manipulator_ws/install/mobile_base_description:/media/mikelap/DATA/GitRepos/robotics/robot_ws/src/mobile_manipulator_ws/install/mobile_base_gazebo:/media/mikelap/DATA/GitRepos/robotics/robot_ws/src/mobile_manipulator_ws/install/mobile_base_bringup:/media/mikelap/DATA/GitRepos/robotics/robot_ws/install/mobile_base_gazebo:/media/mikelap/DATA/GitRepos/robotics/robot_ws/install/mobile_base_bringup:/media/mikelap/DATA/GitRepos/robotics/robot_ws/install/mobile_base_description:/opt/ros/humble PS1=(robotics) \[\033]0;\u:${NEW_PWD}\007\]\n\[\033[0;1;97;44m\] \u \[\033[0;34;104m\]\[\033[0;1;97;104m\] \h \[\033[0;94;107m\]\[\033[0;90;1;107m\] ${NEW_PWD} \[\033[0;97;49m\]\[\033[1;38;5;74m\] VIRTUAL_ENV_PROMPT=(robotics) /usr/bin/cmake /media/mikelap/DATA/GitRepos/robotics/robot_ws/src/mobile_manipulator_ws/src/mobile_base/mobile_base_gazebo -DCMAKE_INSTALL_PREFIX=/media/mikelap/DATA/GitRepos/robotics/robot_ws/src/mobile_manipulator_ws/install/mobile_base_gazebo
[0.757s] Invoking command in '/media/mikelap/DATA/GitRepos/robotics/robot_ws/src/mobile_manipulator_ws/build/mobile_base_gazebo': CMAKE_PREFIX_PATH=/media/mikelap/DATA/GitRepos/robotics/robot_ws/src/mobile_manipulator_ws/install/mobile_base_description:/media/mikelap/DATA/GitRepos/robotics/robot_ws/src/mobile_manipulator_ws/install/mobile_base_gazebo:/media/mikelap/DATA/GitRepos/robotics/robot_ws/src/mobile_manipulator_ws/install/mobile_base_bringup:/media/mikelap/DATA/GitRepos/robotics/robot_ws/install/mobile_base_gazebo:/media/mikelap/DATA/GitRepos/robotics/robot_ws/install/mobile_base_bringup:/media/mikelap/DATA/GitRepos/robotics/robot_ws/install/mobile_base_description:/opt/ros/humble PS1=(robotics) \[\033]0;\u:${NEW_PWD}\007\]\n\[\033[0;1;97;44m\] \u \[\033[0;34;104m\]\[\033[0;1;97;104m\] \h \[\033[0;94;107m\]\[\033[0;90;1;107m\] ${NEW_PWD} \[\033[0;97;49m\]\[\033[1;38;5;74m\] VIRTUAL_ENV_PROMPT=(robotics) /usr/bin/cmake --build /media/mikelap/DATA/GitRepos/robotics/robot_ws/src/mobile_manipulator_ws/build/mobile_base_gazebo -- -j8 -l8
[0.796s] Invoked command in '/media/mikelap/DATA/GitRepos/robotics/robot_ws/src/mobile_manipulator_ws/build/mobile_base_gazebo' returned '0': CMAKE_PREFIX_PATH=/media/mikelap/DATA/GitRepos/robotics/robot_ws/src/mobile_manipulator_ws/install/mobile_base_description:/media/mikelap/DATA/GitRepos/robotics/robot_ws/src/mobile_manipulator_ws/install/mobile_base_gazebo:/media/mikelap/DATA/GitRepos/robotics/robot_ws/src/mobile_manipulator_ws/install/mobile_base_bringup:/media/mikelap/DATA/GitRepos/robotics/robot_ws/install/mobile_base_gazebo:/media/mikelap/DATA/GitRepos/robotics/robot_ws/install/mobile_base_bringup:/media/mikelap/DATA/GitRepos/robotics/robot_ws/install/mobile_base_description:/opt/ros/humble PS1=(robotics) \[\033]0;\u:${NEW_PWD}\007\]\n\[\033[0;1;97;44m\] \u \[\033[0;34;104m\]\[\033[0;1;97;104m\] \h \[\033[0;94;107m\]\[\033[0;90;1;107m\] ${NEW_PWD} \[\033[0;97;49m\]\[\033[1;38;5;74m\] VIRTUAL_ENV_PROMPT=(robotics) /usr/bin/cmake --build /media/mikelap/DATA/GitRepos/robotics/robot_ws/src/mobile_manipulator_ws/build/mobile_base_gazebo -- -j8 -l8
[0.819s] Invoking command in '/media/mikelap/DATA/GitRepos/robotics/robot_ws/src/mobile_manipulator_ws/build/mobile_base_gazebo': CMAKE_PREFIX_PATH=/media/mikelap/DATA/GitRepos/robotics/robot_ws/src/mobile_manipulator_ws/install/mobile_base_description:/media/mikelap/DATA/GitRepos/robotics/robot_ws/src/mobile_manipulator_ws/install/mobile_base_gazebo:/media/mikelap/DATA/GitRepos/robotics/robot_ws/src/mobile_manipulator_ws/install/mobile_base_bringup:/media/mikelap/DATA/GitRepos/robotics/robot_ws/install/mobile_base_gazebo:/media/mikelap/DATA/GitRepos/robotics/robot_ws/install/mobile_base_bringup:/media/mikelap/DATA/GitRepos/robotics/robot_ws/install/mobile_base_description:/opt/ros/humble PS1=(robotics) \[\033]0;\u:${NEW_PWD}\007\]\n\[\033[0;1;97;44m\] \u \[\033[0;34;104m\]\[\033[0;1;97;104m\] \h \[\033[0;94;107m\]\[\033[0;90;1;107m\] ${NEW_PWD} \[\033[0;97;49m\]\[\033[1;38;5;74m\] VIRTUAL_ENV_PROMPT=(robotics) /usr/bin/cmake --install /media/mikelap/DATA/GitRepos/robotics/robot_ws/src/mobile_manipulator_ws/build/mobile_base_gazebo
[0.827s] -- Install configuration: ""
[0.827s] -- Installing: /media/mikelap/DATA/GitRepos/robotics/robot_ws/src/mobile_manipulator_ws/install/mobile_base_gazebo/share/mobile_base_gazebo/launch
[0.828s] -- Installing: /media/mikelap/DATA/GitRepos/robotics/robot_ws/src/mobile_manipulator_ws/install/mobile_base_gazebo/share/mobile_base_gazebo/launch/gazebo_world.launch.py
[0.828s] -- Installing: /media/mikelap/DATA/GitRepos/robotics/robot_ws/src/mobile_manipulator_ws/install/mobile_base_gazebo/share/mobile_base_gazebo/launch/spawn_robot.launch.py
[0.828s] -- Installing: /media/mikelap/DATA/GitRepos/robotics/robot_ws/src/mobile_manipulator_ws/install/mobile_base_gazebo/share/mobile_base_gazebo/launch/mobile_base_sim.launch.py
[0.828s] -- Installing: /media/mikelap/DATA/GitRepos/robotics/robot_ws/src/mobile_manipulator_ws/install/mobile_base_gazebo/share/mobile_base_gazebo/launch/spawn_robot_ros2.launch.xml
[0.828s] -- Installing: /media/mikelap/DATA/GitRepos/robotics/robot_ws/src/mobile_manipulator_ws/install/mobile_base_gazebo/share/mobile_base_gazebo/worlds
[0.828s] -- Installing: /media/mikelap/DATA/GitRepos/robotics/robot_ws/src/mobile_manipulator_ws/install/mobile_base_gazebo/share/mobile_base_gazebo/worlds/farm.world
[0.828s] -- Installing: /media/mikelap/DATA/GitRepos/robotics/robot_ws/src/mobile_manipulator_ws/install/mobile_base_gazebo/share/mobile_base_gazebo/worlds/hospital_3_floors.world
[0.829s] -- Installing: /media/mikelap/DATA/GitRepos/robotics/robot_ws/src/mobile_manipulator_ws/install/mobile_base_gazebo/share/mobile_base_gazebo/worlds/empty.world
[0.829s] -- Installing: /media/mikelap/DATA/GitRepos/robotics/robot_ws/src/mobile_manipulator_ws/install/mobile_base_gazebo/share/mobile_base_gazebo/worlds/neighborhood.world
[0.829s] -- Installing: /media/mikelap/DATA/GitRepos/robotics/robot_ws/src/mobile_manipulator_ws/install/mobile_base_gazebo/share/mobile_base_gazebo/worlds/warehouse.world
[0.829s] -- Installing: /media/mikelap/DATA/GitRepos/robotics/robot_ws/src/mobile_manipulator_ws/install/mobile_base_gazebo/share/mobile_base_gazebo/worlds/basic.world
[0.829s] -- Installing: /media/mikelap/DATA/GitRepos/robotics/robot_ws/src/mobile_manipulator_ws/install/mobile_base_gazebo/share/mobile_base_gazebo/worlds/hospital.world
[0.829s] -- Installing: /media/mikelap/DATA/GitRepos/robotics/robot_ws/src/mobile_manipulator_ws/install/mobile_base_gazebo/share/mobile_base_gazebo/worlds/inventory.world
[0.829s] -- Installing: /media/mikelap/DATA/GitRepos/robotics/robot_ws/src/mobile_manipulator_ws/install/mobile_base_gazebo/share/mobile_base_gazebo/worlds/hospital_2_floors.world
[0.830s] -- Installing: /media/mikelap/DATA/GitRepos/robotics/robot_ws/src/mobile_manipulator_ws/install/mobile_base_gazebo/share/mobile_base_gazebo/worlds/cafe.world
[0.830s] -- Installing: /media/mikelap/DATA/GitRepos/robotics/robot_ws/src/mobile_manipulator_ws/install/mobile_base_gazebo/share/mobile_base_gazebo/worlds/office.world
[0.830s] -- Installing: /media/mikelap/DATA/GitRepos/robotics/robot_ws/src/mobile_manipulator_ws/install/mobile_base_gazebo/share/mobile_base_gazebo/worlds/lawn.world
[0.830s] -- Installing: /media/mikelap/DATA/GitRepos/robotics/robot_ws/src/mobile_manipulator_ws/install/mobile_base_gazebo/share/mobile_base_gazebo/worlds/factory.world
[0.831s] -- Installing: /media/mikelap/DATA/GitRepos/robotics/robot_ws/src/mobile_manipulator_ws/install/mobile_base_gazebo/share/mobile_base_gazebo/worlds/car.world
[0.831s] -- Installing: /media/mikelap/DATA/GitRepos/robotics/robot_ws/src/mobile_manipulator_ws/install/mobile_base_gazebo/share/mobile_base_gazebo/worlds/distribution_center.world
[0.831s] -- Installing: /media/mikelap/DATA/GitRepos/robotics/robot_ws/src/mobile_manipulator_ws/install/mobile_base_gazebo/share/mobile_base_gazebo/worlds/house.world
[0.831s] -- Installing: /media/mikelap/DATA/GitRepos/robotics/robot_ws/src/mobile_manipulator_ws/install/mobile_base_gazebo/share/mobile_base_gazebo/models
[0.831s] -- Installing: /media/mikelap/DATA/GitRepos/robotics/robot_ws/src/mobile_manipulator_ws/install/mobile_base_gazebo/share/ament_index/resource_index/package_run_dependencies/mobile_base_gazebo
[0.831s] -- Installing: /media/mikelap/DATA/GitRepos/robotics/robot_ws/src/mobile_manipulator_ws/install/mobile_base_gazebo/share/ament_index/resource_index/parent_prefix_path/mobile_base_gazebo
[0.832s] -- Installing: /media/mikelap/DATA/GitRepos/robotics/robot_ws/src/mobile_manipulator_ws/install/mobile_base_gazebo/share/mobile_base_gazebo/environment/ament_prefix_path.sh
[0.832s] -- Installing: /media/mikelap/DATA/GitRepos/robotics/robot_ws/src/mobile_manipulator_ws/install/mobile_base_gazebo/share/mobile_base_gazebo/environment/ament_prefix_path.dsv
[0.832s] -- Installing: /media/mikelap/DATA/GitRepos/robotics/robot_ws/src/mobile_manipulator_ws/install/mobile_base_gazebo/share/mobile_base_gazebo/environment/path.sh
[0.832s] -- Installing: /media/mikelap/DATA/GitRepos/robotics/robot_ws/src/mobile_manipulator_ws/install/mobile_base_gazebo/share/mobile_base_gazebo/environment/path.dsv
[0.832s] -- Installing: /media/mikelap/DATA/GitRepos/robotics/robot_ws/src/mobile_manipulator_ws/install/mobile_base_gazebo/share/mobile_base_gazebo/local_setup.bash
[0.832s] -- Installing: /media/mikelap/DATA/GitRepos/robotics/robot_ws/src/mobile_manipulator_ws/install/mobile_base_gazebo/share/mobile_base_gazebo/local_setup.sh
[0.833s] -- Installing: /media/mikelap/DATA/GitRepos/robotics/robot_ws/src/mobile_manipulator_ws/install/mobile_base_gazebo/share/mobile_base_gazebo/local_setup.zsh
[0.833s] -- Installing: /media/mikelap/DATA/GitRepos/robotics/robot_ws/src/mobile_manipulator_ws/install/mobile_base_gazebo/share/mobile_base_gazebo/local_setup.dsv
[0.833s] -- Installing: /media/mikelap/DATA/GitRepos/robotics/robot_ws/src/mobile_manipulator_ws/install/mobile_base_gazebo/share/mobile_base_gazebo/package.dsv
[0.833s] -- Installing: /media/mikelap/DATA/GitRepos/robotics/robot_ws/src/mobile_manipulator_ws/install/mobile_base_gazebo/share/ament_index/resource_index/packages/mobile_base_gazebo
[0.833s] -- Installing: /media/mikelap/DATA/GitRepos/robotics/robot_ws/src/mobile_manipulator_ws/install/mobile_base_gazebo/share/mobile_base_gazebo/cmake/mobile_base_gazeboConfig.cmake
[0.834s] -- Installing: /media/mikelap/DATA/GitRepos/robotics/robot_ws/src/mobile_manipulator_ws/install/mobile_base_gazebo/share/mobile_base_gazebo/cmake/mobile_base_gazeboConfig-version.cmake
[0.834s] -- Installing: /media/mikelap/DATA/GitRepos/robotics/robot_ws/src/mobile_manipulator_ws/install/mobile_base_gazebo/share/mobile_base_gazebo/package.xml
[0.836s] Invoked command in '/media/mikelap/DATA/GitRepos/robotics/robot_ws/src/mobile_manipulator_ws/build/mobile_base_gazebo' returned '0': CMAKE_PREFIX_PATH=/media/mikelap/DATA/GitRepos/robotics/robot_ws/src/mobile_manipulator_ws/install/mobile_base_description:/media/mikelap/DATA/GitRepos/robotics/robot_ws/src/mobile_manipulator_ws/install/mobile_base_gazebo:/media/mikelap/DATA/GitRepos/robotics/robot_ws/src/mobile_manipulator_ws/install/mobile_base_bringup:/media/mikelap/DATA/GitRepos/robotics/robot_ws/install/mobile_base_gazebo:/media/mikelap/DATA/GitRepos/robotics/robot_ws/install/mobile_base_bringup:/media/mikelap/DATA/GitRepos/robotics/robot_ws/install/mobile_base_description:/opt/ros/humble PS1=(robotics) \[\033]0;\u:${NEW_PWD}\007\]\n\[\033[0;1;97;44m\] \u \[\033[0;34;104m\]\[\033[0;1;97;104m\] \h \[\033[0;94;107m\]\[\033[0;90;1;107m\] ${NEW_PWD} \[\033[0;97;49m\]\[\033[1;38;5;74m\] VIRTUAL_ENV_PROMPT=(robotics) /usr/bin/cmake --install /media/mikelap/DATA/GitRepos/robotics/robot_ws/src/mobile_manipulator_ws/build/mobile_base_gazebo
